[0.310s] DEBUG:colcon:Command line arguments: ['/usr/bin/colcon', 'build']
[0.310s] DEBUG:colcon:Parsed command line arguments: Namespace(log_base=None, log_level=None, verb_name='build', build_base='build', install_base='install', merge_install=False, symlink_install=False, test_result_base=None, continue_on_error=False, executor='parallel', parallel_workers=4, event_handlers=None, ignore_user_meta=False, metas=['./colcon.meta'], base_paths=['.'], packages_ignore=None, packages_ignore_regex=None, paths=None, packages_up_to=None, packages_up_to_regex=None, packages_above=None, packages_above_and_dependencies=None, packages_above_depth=None, packages_select_by_dep=None, packages_skip_by_dep=None, packages_skip_up_to=None, packages_select_build_failed=False, packages_skip_build_finished=False, packages_select_test_failures=False, packages_skip_test_passed=False, packages_select=None, packages_skip=None, packages_select_regex=None, packages_skip_regex=None, packages_start=None, packages_end=None, allow_overriding=[], cmake_args=None, cmake_target=None, cmake_target_skip_unavailable=False, cmake_clean_cache=False, cmake_clean_first=False, cmake_force_configure=False, ament_cmake_args=None, catkin_cmake_args=None, catkin_skip_building_tests=False, verb_parser=<colcon_defaults.argument_parser.defaults.DefaultArgumentsDecorator object at 0x7ff703d3c400>, verb_extension=<colcon_core.verb.build.BuildVerb object at 0x7ff703d07310>, main=<bound method BuildVerb.main of <colcon_core.verb.build.BuildVerb object at 0x7ff703d07310>>)
[0.842s] Level 1:colcon.colcon_core.package_discovery:discover_packages(colcon_meta) check parameters
[0.842s] Level 1:colcon.colcon_core.package_discovery:discover_packages(recursive) check parameters
[0.842s] Level 1:colcon.colcon_core.package_discovery:discover_packages(ignore) check parameters
[0.843s] Level 1:colcon.colcon_core.package_discovery:discover_packages(path) check parameters
[0.843s] Level 1:colcon.colcon_core.package_discovery:discover_packages(colcon_meta) discover
[0.843s] Level 1:colcon.colcon_core.package_discovery:discover_packages(recursive) discover
[0.843s] INFO:colcon.colcon_core.package_discovery:Crawling recursively for packages in '/home/interstellar/launch_ws'
[0.844s] Level 1:colcon.colcon_core.package_identification:_identify(.) by extensions ['ignore', 'ignore_ament_install']
[0.844s] Level 1:colcon.colcon_core.package_identification:_identify(.) by extension 'ignore'
[0.845s] Level 1:colcon.colcon_core.package_identification:_identify(.) by extension 'ignore_ament_install'
[0.845s] Level 1:colcon.colcon_core.package_identification:_identify(.) by extensions ['colcon_pkg']
[0.845s] Level 1:colcon.colcon_core.package_identification:_identify(.) by extension 'colcon_pkg'
[0.845s] Level 1:colcon.colcon_core.package_identification:_identify(.) by extensions ['colcon_meta']
[0.845s] Level 1:colcon.colcon_core.package_identification:_identify(.) by extension 'colcon_meta'
[0.845s] Level 1:colcon.colcon_core.package_identification:_identify(.) by extensions ['ros']
[0.845s] Level 1:colcon.colcon_core.package_identification:_identify(.) by extension 'ros'
[0.933s] Level 1:colcon.colcon_core.package_identification:_identify(.) by extensions ['cmake', 'python']
[0.933s] Level 1:colcon.colcon_core.package_identification:_identify(.) by extension 'cmake'
[0.933s] Level 1:colcon.colcon_core.package_identification:_identify(.) by extension 'python'
[0.934s] Level 1:colcon.colcon_core.package_identification:_identify(.) by extensions ['python_setup_py']
[0.934s] Level 1:colcon.colcon_core.package_identification:_identify(.) by extension 'python_setup_py'
[0.934s] Level 1:colcon.colcon_core.package_identification:_identify(build) by extensions ['ignore', 'ignore_ament_install']
[0.935s] Level 1:colcon.colcon_core.package_identification:_identify(build) by extension 'ignore'
[0.935s] Level 1:colcon.colcon_core.package_identification:_identify(build) ignored
[0.936s] Level 1:colcon.colcon_core.package_identification:_identify(install) by extensions ['ignore', 'ignore_ament_install']
[0.936s] Level 1:colcon.colcon_core.package_identification:_identify(install) by extension 'ignore'
[0.937s] Level 1:colcon.colcon_core.package_identification:_identify(install) ignored
[0.938s] Level 1:colcon.colcon_core.package_identification:_identify(log) by extensions ['ignore', 'ignore_ament_install']
[0.938s] Level 1:colcon.colcon_core.package_identification:_identify(log) by extension 'ignore'
[0.938s] Level 1:colcon.colcon_core.package_identification:_identify(log) ignored
[0.938s] Level 1:colcon.colcon_core.package_identification:_identify(src) by extensions ['ignore', 'ignore_ament_install']
[0.938s] Level 1:colcon.colcon_core.package_identification:_identify(src) by extension 'ignore'
[0.938s] Level 1:colcon.colcon_core.package_identification:_identify(src) by extension 'ignore_ament_install'
[0.939s] Level 1:colcon.colcon_core.package_identification:_identify(src) by extensions ['colcon_pkg']
[0.939s] Level 1:colcon.colcon_core.package_identification:_identify(src) by extension 'colcon_pkg'
[0.939s] Level 1:colcon.colcon_core.package_identification:_identify(src) by extensions ['colcon_meta']
[0.940s] Level 1:colcon.colcon_core.package_identification:_identify(src) by extension 'colcon_meta'
[0.940s] Level 1:colcon.colcon_core.package_identification:_identify(src) by extensions ['ros']
[0.940s] Level 1:colcon.colcon_core.package_identification:_identify(src) by extension 'ros'
[0.940s] Level 1:colcon.colcon_core.package_identification:_identify(src) by extensions ['cmake', 'python']
[0.940s] Level 1:colcon.colcon_core.package_identification:_identify(src) by extension 'cmake'
[0.940s] Level 1:colcon.colcon_core.package_identification:_identify(src) by extension 'python'
[0.940s] Level 1:colcon.colcon_core.package_identification:_identify(src) by extensions ['python_setup_py']
[0.941s] Level 1:colcon.colcon_core.package_identification:_identify(src) by extension 'python_setup_py'
[0.941s] Level 1:colcon.colcon_core.package_identification:_identify(src/py_launch_example) by extensions ['ignore', 'ignore_ament_install']
[0.941s] Level 1:colcon.colcon_core.package_identification:_identify(src/py_launch_example) by extension 'ignore'
[0.941s] Level 1:colcon.colcon_core.package_identification:_identify(src/py_launch_example) by extension 'ignore_ament_install'
[0.941s] Level 1:colcon.colcon_core.package_identification:_identify(src/py_launch_example) by extensions ['colcon_pkg']
[0.942s] Level 1:colcon.colcon_core.package_identification:_identify(src/py_launch_example) by extension 'colcon_pkg'
[0.942s] Level 1:colcon.colcon_core.package_identification:_identify(src/py_launch_example) by extensions ['colcon_meta']
[0.942s] Level 1:colcon.colcon_core.package_identification:_identify(src/py_launch_example) by extension 'colcon_meta'
[0.942s] Level 1:colcon.colcon_core.package_identification:_identify(src/py_launch_example) by extensions ['ros']
[0.942s] Level 1:colcon.colcon_core.package_identification:_identify(src/py_launch_example) by extension 'ros'
[0.952s] DEBUG:colcon.colcon_core.package_identification:Package 'src/py_launch_example' with type 'ros.ament_python' and name 'py_launch_example'
[0.952s] Level 1:colcon.colcon_core.package_identification:_identify(src/robo_build) by extensions ['ignore', 'ignore_ament_install']
[0.953s] Level 1:colcon.colcon_core.package_identification:_identify(src/robo_build) by extension 'ignore'
[0.953s] Level 1:colcon.colcon_core.package_identification:_identify(src/robo_build) by extension 'ignore_ament_install'
[0.953s] Level 1:colcon.colcon_core.package_identification:_identify(src/robo_build) by extensions ['colcon_pkg']
[0.953s] Level 1:colcon.colcon_core.package_identification:_identify(src/robo_build) by extension 'colcon_pkg'
[0.953s] Level 1:colcon.colcon_core.package_identification:_identify(src/robo_build) by extensions ['colcon_meta']
[0.954s] Level 1:colcon.colcon_core.package_identification:_identify(src/robo_build) by extension 'colcon_meta'
[0.954s] Level 1:colcon.colcon_core.package_identification:_identify(src/robo_build) by extensions ['ros']
[0.954s] Level 1:colcon.colcon_core.package_identification:_identify(src/robo_build) by extension 'ros'
[0.957s] DEBUG:colcon.colcon_core.package_identification:Package 'src/robo_build' with type 'ros.ament_cmake' and name 'robo_build'
[0.957s] Level 1:colcon.colcon_core.package_discovery:discover_packages(recursive) using defaults
[0.957s] Level 1:colcon.colcon_core.package_discovery:discover_packages(ignore) discover
[0.957s] Level 1:colcon.colcon_core.package_discovery:discover_packages(ignore) using defaults
[0.957s] Level 1:colcon.colcon_core.package_discovery:discover_packages(path) discover
[0.958s] Level 1:colcon.colcon_core.package_discovery:discover_packages(path) using defaults
[1.069s] Level 1:colcon.colcon_core.package_discovery:discover_packages(prefix_path) check parameters
[1.069s] Level 1:colcon.colcon_core.package_discovery:discover_packages(prefix_path) discover
[1.075s] DEBUG:colcon.colcon_installed_package_information.package_discovery:Found 2 installed packages in /home/interstellar/launch_ws/install
[1.078s] DEBUG:colcon.colcon_installed_package_information.package_discovery:Found 272 installed packages in /opt/ros/humble
[1.111s] Level 1:colcon.colcon_core.package_discovery:discover_packages(prefix_path) using defaults
[1.279s] Level 5:colcon.colcon_core.verb:set package 'py_launch_example' build argument 'cmake_args' from command line to 'None'
[1.279s] Level 5:colcon.colcon_core.verb:set package 'py_launch_example' build argument 'cmake_target' from command line to 'None'
[1.279s] Level 5:colcon.colcon_core.verb:set package 'py_launch_example' build argument 'cmake_target_skip_unavailable' from command line to 'False'
[1.279s] Level 5:colcon.colcon_core.verb:set package 'py_launch_example' build argument 'cmake_clean_cache' from command line to 'False'
[1.279s] Level 5:colcon.colcon_core.verb:set package 'py_launch_example' build argument 'cmake_clean_first' from command line to 'False'
[1.280s] Level 5:colcon.colcon_core.verb:set package 'py_launch_example' build argument 'cmake_force_configure' from command line to 'False'
[1.280s] Level 5:colcon.colcon_core.verb:set package 'py_launch_example' build argument 'ament_cmake_args' from command line to 'None'
[1.280s] Level 5:colcon.colcon_core.verb:set package 'py_launch_example' build argument 'catkin_cmake_args' from command line to 'None'
[1.280s] Level 5:colcon.colcon_core.verb:set package 'py_launch_example' build argument 'catkin_skip_building_tests' from command line to 'False'
[1.280s] DEBUG:colcon.colcon_core.verb:Building package 'py_launch_example' with the following arguments: {'ament_cmake_args': None, 'build_base': '/home/interstellar/launch_ws/build/py_launch_example', 'catkin_cmake_args': None, 'catkin_skip_building_tests': False, 'cmake_args': None, 'cmake_clean_cache': False, 'cmake_clean_first': False, 'cmake_force_configure': False, 'cmake_target': None, 'cmake_target_skip_unavailable': False, 'install_base': '/home/interstellar/launch_ws/install/py_launch_example', 'merge_install': False, 'path': '/home/interstellar/launch_ws/src/py_launch_example', 'symlink_install': False, 'test_result_base': None}
[1.281s] Level 5:colcon.colcon_core.verb:set package 'robo_build' build argument 'cmake_args' from command line to 'None'
[1.282s] Level 5:colcon.colcon_core.verb:set package 'robo_build' build argument 'cmake_target' from command line to 'None'
[1.282s] Level 5:colcon.colcon_core.verb:set package 'robo_build' build argument 'cmake_target_skip_unavailable' from command line to 'False'
[1.282s] Level 5:colcon.colcon_core.verb:set package 'robo_build' build argument 'cmake_clean_cache' from command line to 'False'
[1.282s] Level 5:colcon.colcon_core.verb:set package 'robo_build' build argument 'cmake_clean_first' from command line to 'False'
[1.282s] Level 5:colcon.colcon_core.verb:set package 'robo_build' build argument 'cmake_force_configure' from command line to 'False'
[1.282s] Level 5:colcon.colcon_core.verb:set package 'robo_build' build argument 'ament_cmake_args' from command line to 'None'
[1.282s] Level 5:colcon.colcon_core.verb:set package 'robo_build' build argument 'catkin_cmake_args' from command line to 'None'
[1.282s] Level 5:colcon.colcon_core.verb:set package 'robo_build' build argument 'catkin_skip_building_tests' from command line to 'False'
[1.282s] DEBUG:colcon.colcon_core.verb:Building package 'robo_build' with the following arguments: {'ament_cmake_args': None, 'build_base': '/home/interstellar/launch_ws/build/robo_build', 'catkin_cmake_args': None, 'catkin_skip_building_tests': False, 'cmake_args': None, 'cmake_clean_cache': False, 'cmake_clean_first': False, 'cmake_force_configure': False, 'cmake_target': None, 'cmake_target_skip_unavailable': False, 'install_base': '/home/interstellar/launch_ws/install/robo_build', 'merge_install': False, 'path': '/home/interstellar/launch_ws/src/robo_build', 'symlink_install': False, 'test_result_base': None}
[1.283s] INFO:colcon.colcon_core.executor:Executing jobs using 'parallel' executor
[1.286s] DEBUG:colcon.colcon_parallel_executor.executor.parallel:run_until_complete
[1.287s] INFO:colcon.colcon_ros.task.ament_python.build:Building ROS package in '/home/interstellar/launch_ws/src/py_launch_example' with build type 'ament_python'
[1.287s] Level 1:colcon.colcon_core.shell:create_environment_hook('py_launch_example', 'ament_prefix_path')
[1.295s] INFO:colcon.colcon_core.plugin_system:Skipping extension 'colcon_core.shell.bat': Not used on non-Windows systems
[1.295s] INFO:colcon.colcon_core.shell:Creating environment hook '/home/interstellar/launch_ws/install/py_launch_example/share/py_launch_example/hook/ament_prefix_path.ps1'
[1.298s] INFO:colcon.colcon_core.shell:Creating environment descriptor '/home/interstellar/launch_ws/install/py_launch_example/share/py_launch_example/hook/ament_prefix_path.dsv'
[1.299s] INFO:colcon.colcon_core.shell:Creating environment hook '/home/interstellar/launch_ws/install/py_launch_example/share/py_launch_example/hook/ament_prefix_path.sh'
[1.303s] INFO:colcon.colcon_core.shell:Skip shell extension 'powershell' for command environment: Not usable outside of PowerShell
[1.303s] DEBUG:colcon.colcon_core.shell:Skip shell extension 'dsv' for command environment
[1.314s] INFO:colcon.colcon_ros.task.ament_cmake.build:Building ROS package in '/home/interstellar/launch_ws/src/robo_build' with build type 'ament_cmake'
[1.315s] INFO:colcon.colcon_cmake.task.cmake.build:Building CMake package in '/home/interstellar/launch_ws/src/robo_build'
[1.315s] INFO:colcon.colcon_core.shell:Skip shell extension 'powershell' for command environment: Not usable outside of PowerShell
[1.315s] DEBUG:colcon.colcon_core.shell:Skip shell extension 'dsv' for command environment
[2.428s] INFO:colcon.colcon_core.task.python.build:Building Python package in '/home/interstellar/launch_ws/src/py_launch_example'
[2.429s] INFO:colcon.colcon_core.shell:Skip shell extension 'powershell' for command environment: Not usable outside of PowerShell
[2.429s] DEBUG:colcon.colcon_core.shell:Skip shell extension 'dsv' for command environment
[2.463s] DEBUG:colcon.colcon_core.event_handler.log_command:Invoking command in '/home/interstellar/launch_ws/build/robo_build': CMAKE_PREFIX_PATH=${CMAKE_PREFIX_PATH}:/home/interstellar/launch_ws/install/py_launch_example:/opt/ros/humble /usr/bin/cmake --build /home/interstellar/launch_ws/build/robo_build -- -j4 -l4
[2.696s] DEBUG:colcon.colcon_core.event_handler.log_command:Invoked command in '/home/interstellar/launch_ws/build/robo_build' returned '0': CMAKE_PREFIX_PATH=${CMAKE_PREFIX_PATH}:/home/interstellar/launch_ws/install/py_launch_example:/opt/ros/humble /usr/bin/cmake --build /home/interstellar/launch_ws/build/robo_build -- -j4 -l4
[2.887s] DEBUG:colcon.colcon_core.event_handler.log_command:Invoking command in '/home/interstellar/launch_ws/build/robo_build': CMAKE_PREFIX_PATH=${CMAKE_PREFIX_PATH}:/home/interstellar/launch_ws/install/py_launch_example:/opt/ros/humble /usr/bin/cmake --install /home/interstellar/launch_ws/build/robo_build
[2.930s] Level 1:colcon.colcon_core.environment:create_environment_scripts_only(robo_build)
[2.931s] DEBUG:colcon.colcon_core.event_handler.log_command:Invoked command in '/home/interstellar/launch_ws/build/robo_build' returned '0': CMAKE_PREFIX_PATH=${CMAKE_PREFIX_PATH}:/home/interstellar/launch_ws/install/py_launch_example:/opt/ros/humble /usr/bin/cmake --install /home/interstellar/launch_ws/build/robo_build
[2.937s] Level 1:colcon.colcon_core.environment:checking '/home/interstellar/launch_ws/install/robo_build' for CMake module files
[2.939s] Level 1:colcon.colcon_core.environment:checking '/home/interstellar/launch_ws/install/robo_build' for CMake config files
[2.939s] Level 1:colcon.colcon_core.shell:create_environment_hook('robo_build', 'cmake_prefix_path')
[2.940s] INFO:colcon.colcon_core.shell:Creating environment hook '/home/interstellar/launch_ws/install/robo_build/share/robo_build/hook/cmake_prefix_path.ps1'
[2.942s] INFO:colcon.colcon_core.shell:Creating environment descriptor '/home/interstellar/launch_ws/install/robo_build/share/robo_build/hook/cmake_prefix_path.dsv'
[2.943s] INFO:colcon.colcon_core.shell:Creating environment hook '/home/interstellar/launch_ws/install/robo_build/share/robo_build/hook/cmake_prefix_path.sh'
[2.945s] Level 1:colcon.colcon_core.environment:checking '/home/interstellar/launch_ws/install/robo_build/bin'
[2.945s] Level 1:colcon.colcon_core.environment:checking '/home/interstellar/launch_ws/install/robo_build/lib/pkgconfig/robo_build.pc'
[2.946s] Level 1:colcon.colcon_core.environment:checking '/home/interstellar/launch_ws/install/robo_build/lib/python3.10/site-packages'
[2.946s] Level 1:colcon.colcon_core.environment:checking '/home/interstellar/launch_ws/install/robo_build/bin'
[2.947s] INFO:colcon.colcon_core.shell:Creating package script '/home/interstellar/launch_ws/install/robo_build/share/robo_build/package.ps1'
[2.949s] INFO:colcon.colcon_core.shell:Creating package descriptor '/home/interstellar/launch_ws/install/robo_build/share/robo_build/package.dsv'
[2.950s] INFO:colcon.colcon_core.shell:Creating package script '/home/interstellar/launch_ws/install/robo_build/share/robo_build/package.sh'
[2.952s] INFO:colcon.colcon_core.shell:Creating package script '/home/interstellar/launch_ws/install/robo_build/share/robo_build/package.bash'
[2.954s] INFO:colcon.colcon_core.shell:Creating package script '/home/interstellar/launch_ws/install/robo_build/share/robo_build/package.zsh'
[2.956s] Level 1:colcon.colcon_core.environment:create_file_with_runtime_dependencies(/home/interstellar/launch_ws/install/robo_build/share/colcon-core/packages/robo_build)
[3.073s] Level 1:colcon.colcon_core.environment:create_environment_scripts_only(robo_build)
[3.073s] Level 1:colcon.colcon_core.environment:checking '/home/interstellar/launch_ws/install/robo_build' for CMake module files
[3.074s] Level 1:colcon.colcon_core.environment:checking '/home/interstellar/launch_ws/install/robo_build' for CMake config files
[3.075s] Level 1:colcon.colcon_core.shell:create_environment_hook('robo_build', 'cmake_prefix_path')
[3.075s] INFO:colcon.colcon_core.shell:Creating environment hook '/home/interstellar/launch_ws/install/robo_build/share/robo_build/hook/cmake_prefix_path.ps1'
[3.077s] INFO:colcon.colcon_core.shell:Creating environment descriptor '/home/interstellar/launch_ws/install/robo_build/share/robo_build/hook/cmake_prefix_path.dsv'
[3.079s] INFO:colcon.colcon_core.shell:Creating environment hook '/home/interstellar/launch_ws/install/robo_build/share/robo_build/hook/cmake_prefix_path.sh'
[3.081s] Level 1:colcon.colcon_core.environment:checking '/home/interstellar/launch_ws/install/robo_build/bin'
[3.081s] Level 1:colcon.colcon_core.environment:checking '/home/interstellar/launch_ws/install/robo_build/lib/pkgconfig/robo_build.pc'
[3.081s] Level 1:colcon.colcon_core.environment:checking '/home/interstellar/launch_ws/install/robo_build/lib/python3.10/site-packages'
[3.082s] Level 1:colcon.colcon_core.environment:checking '/home/interstellar/launch_ws/install/robo_build/bin'
[3.082s] INFO:colcon.colcon_core.shell:Creating package script '/home/interstellar/launch_ws/install/robo_build/share/robo_build/package.ps1'
[3.084s] INFO:colcon.colcon_core.shell:Creating package descriptor '/home/interstellar/launch_ws/install/robo_build/share/robo_build/package.dsv'
[3.085s] INFO:colcon.colcon_core.shell:Creating package script '/home/interstellar/launch_ws/install/robo_build/share/robo_build/package.sh'
[3.086s] INFO:colcon.colcon_core.shell:Creating package script '/home/interstellar/launch_ws/install/robo_build/share/robo_build/package.bash'
[3.087s] INFO:colcon.colcon_core.shell:Creating package script '/home/interstellar/launch_ws/install/robo_build/share/robo_build/package.zsh'
[3.089s] Level 1:colcon.colcon_core.environment:create_file_with_runtime_dependencies(/home/interstellar/launch_ws/install/robo_build/share/colcon-core/packages/robo_build)
[3.601s] DEBUG:colcon.colcon_core.event_handler.log_command:Invoking command in '/home/interstellar/launch_ws/src/py_launch_example': PYTHONPATH=/home/interstellar/launch_ws/build/py_launch_example/prefix_override:/usr/lib/python3/dist-packages/colcon_core/task/python/colcon_distutils_commands:/home/interstellar/launch_ws/install/py_launch_example/lib/python3.10/site-packages:${PYTHONPATH} /usr/bin/python3 -W ignore:setup.py install is deprecated setup.py egg_info --egg-base ../../build/py_launch_example build --build-base /home/interstellar/launch_ws/build/py_launch_example/build install --record /home/interstellar/launch_ws/build/py_launch_example/install.log --single-version-externally-managed install_data
[4.842s] Level 1:colcon.colcon_core.environment:checking '/home/interstellar/launch_ws/install/py_launch_example' for CMake module files
[4.845s] DEBUG:colcon.colcon_core.event_handler.log_command:Invoked command in '/home/interstellar/launch_ws/src/py_launch_example' returned '0': PYTHONPATH=/home/interstellar/launch_ws/build/py_launch_example/prefix_override:/usr/lib/python3/dist-packages/colcon_core/task/python/colcon_distutils_commands:/home/interstellar/launch_ws/install/py_launch_example/lib/python3.10/site-packages:${PYTHONPATH} /usr/bin/python3 -W ignore:setup.py install is deprecated setup.py egg_info --egg-base ../../build/py_launch_example build --build-base /home/interstellar/launch_ws/build/py_launch_example/build install --record /home/interstellar/launch_ws/build/py_launch_example/install.log --single-version-externally-managed install_data
[4.846s] Level 1:colcon.colcon_core.environment:checking '/home/interstellar/launch_ws/install/py_launch_example' for CMake config files
[4.848s] Level 1:colcon.colcon_core.environment:checking '/home/interstellar/launch_ws/install/py_launch_example/lib'
[4.849s] Level 1:colcon.colcon_core.environment:checking '/home/interstellar/launch_ws/install/py_launch_example/bin'
[4.849s] Level 1:colcon.colcon_core.environment:checking '/home/interstellar/launch_ws/install/py_launch_example/lib/pkgconfig/py_launch_example.pc'
[4.849s] Level 1:colcon.colcon_core.environment:checking '/home/interstellar/launch_ws/install/py_launch_example/lib/python3.10/site-packages'
[4.849s] Level 1:colcon.colcon_core.shell:create_environment_hook('py_launch_example', 'pythonpath')
[4.850s] INFO:colcon.colcon_core.shell:Creating environment hook '/home/interstellar/launch_ws/install/py_launch_example/share/py_launch_example/hook/pythonpath.ps1'
[4.853s] INFO:colcon.colcon_core.shell:Creating environment descriptor '/home/interstellar/launch_ws/install/py_launch_example/share/py_launch_example/hook/pythonpath.dsv'
[4.854s] INFO:colcon.colcon_core.shell:Creating environment hook '/home/interstellar/launch_ws/install/py_launch_example/share/py_launch_example/hook/pythonpath.sh'
[4.856s] Level 1:colcon.colcon_core.environment:checking '/home/interstellar/launch_ws/install/py_launch_example/bin'
[4.857s] Level 1:colcon.colcon_core.environment:create_environment_scripts_only(py_launch_example)
[4.858s] INFO:colcon.colcon_core.shell:Creating package script '/home/interstellar/launch_ws/install/py_launch_example/share/py_launch_example/package.ps1'
[4.859s] INFO:colcon.colcon_core.shell:Creating package descriptor '/home/interstellar/launch_ws/install/py_launch_example/share/py_launch_example/package.dsv'
[4.861s] INFO:colcon.colcon_core.shell:Creating package script '/home/interstellar/launch_ws/install/py_launch_example/share/py_launch_example/package.sh'
[4.862s] INFO:colcon.colcon_core.shell:Creating package script '/home/interstellar/launch_ws/install/py_launch_example/share/py_launch_example/package.bash'
[4.863s] INFO:colcon.colcon_core.shell:Creating package script '/home/interstellar/launch_ws/install/py_launch_example/share/py_launch_example/package.zsh'
[4.865s] Level 1:colcon.colcon_core.environment:create_file_with_runtime_dependencies(/home/interstellar/launch_ws/install/py_launch_example/share/colcon-core/packages/py_launch_example)
[4.866s] DEBUG:colcon.colcon_parallel_executor.executor.parallel:closing loop
[4.867s] DEBUG:colcon.colcon_parallel_executor.executor.parallel:loop closed
[4.868s] DEBUG:colcon.colcon_parallel_executor.executor.parallel:run_until_complete finished with '0'
[4.869s] DEBUG:colcon.colcon_core.event_reactor:joining thread
[4.885s] INFO:colcon.colcon_core.plugin_system:Skipping extension 'colcon_notification.desktop_notification.terminal_notifier': Not used on non-Darwin systems
[4.885s] INFO:colcon.colcon_core.plugin_system:Skipping extension 'colcon_notification.desktop_notification.win32': Not used on non-Windows systems
[4.885s] INFO:colcon.colcon_notification.desktop_notification:Sending desktop notification using 'notify2'
[4.944s] DEBUG:colcon.colcon_core.event_reactor:joined thread
[4.945s] INFO:colcon.colcon_core.shell:Creating prefix script '/home/interstellar/launch_ws/install/local_setup.ps1'
[4.948s] INFO:colcon.colcon_core.shell:Creating prefix util module '/home/interstellar/launch_ws/install/_local_setup_util_ps1.py'
[4.953s] INFO:colcon.colcon_core.shell:Creating prefix chain script '/home/interstellar/launch_ws/install/setup.ps1'
[4.955s] INFO:colcon.colcon_core.shell:Creating prefix script '/home/interstellar/launch_ws/install/local_setup.sh'
[4.957s] INFO:colcon.colcon_core.shell:Creating prefix util module '/home/interstellar/launch_ws/install/_local_setup_util_sh.py'
[4.959s] INFO:colcon.colcon_core.shell:Creating prefix chain script '/home/interstellar/launch_ws/install/setup.sh'
[4.962s] INFO:colcon.colcon_core.shell:Creating prefix script '/home/interstellar/launch_ws/install/local_setup.bash'
[4.963s] INFO:colcon.colcon_core.shell:Creating prefix chain script '/home/interstellar/launch_ws/install/setup.bash'
[4.967s] INFO:colcon.colcon_core.shell:Creating prefix script '/home/interstellar/launch_ws/install/local_setup.zsh'
[4.968s] INFO:colcon.colcon_core.shell:Creating prefix chain script '/home/interstellar/launch_ws/install/setup.zsh'
