[0.732s] Invoking command in '/home/interstellar/launch_ws/build/robo_build': CMAKE_PREFIX_PATH=/opt/ros/humble /usr/bin/cmake --build /home/interstellar/launch_ws/build/robo_build -- -j4 -l4
[0.849s] Invoked command in '/home/interstellar/launch_ws/build/robo_build' returned '0': CMAKE_PREFIX_PATH=/opt/ros/humble /usr/bin/cmake --build /home/interstellar/launch_ws/build/robo_build -- -j4 -l4
[0.986s] Invoking command in '/home/interstellar/launch_ws/build/robo_build': CMAKE_PREFIX_PATH=/opt/ros/humble /usr/bin/cmake --install /home/interstellar/launch_ws/build/robo_build
[1.015s] -- Install configuration: ""
[1.015s] -- Up-to-date: /home/interstellar/launch_ws/install/robo_build/share/robo_build/launch
[1.015s] -- Up-to-date: /home/interstellar/launch_ws/install/robo_build/share/robo_build/launch/robo.launch.py
[1.015s] -- Up-to-date: /home/interstellar/launch_ws/install/robo_build/share/robo_build/urdf
[1.016s] -- Up-to-date: /home/interstellar/launch_ws/install/robo_build/share/robo_build/urdf/robo.urdf
[1.016s] -- Up-to-date: /home/interstellar/launch_ws/install/robo_build/share/robo_build/urdf/robo.urdf.xacro
[1.016s] -- Up-to-date: /home/interstellar/launch_ws/install/robo_build/share/robo_build/urdf/basic_robot.gv
[1.016s] -- Up-to-date: /home/interstellar/launch_ws/install/robo_build/share/robo_build/urdf/ins_bot
[1.016s] -- Installing: /home/interstellar/launch_ws/install/robo_build/share/robo_build/urdf/ins_bot/ins_bot.urdf.xacro
[1.016s] -- Up-to-date: /home/interstellar/launch_ws/install/robo_build/share/robo_build/urdf/ins_bot/base.urdf.xacro
[1.016s] -- Up-to-date: /home/interstellar/launch_ws/install/robo_build/share/robo_build/urdf/ins_bot/actuator
[1.016s] -- Up-to-date: /home/interstellar/launch_ws/install/robo_build/share/robo_build/urdf/ins_bot/actuator/ins_bot.urdf.xacro
[1.017s] -- Up-to-date: /home/interstellar/launch_ws/install/robo_build/share/robo_build/urdf/ins_bot/actuator/wheel.urdf.xacro
[1.017s] -- Up-to-date: /home/interstellar/launch_ws/install/robo_build/share/robo_build/urdf/ins_bot/actuator/caster.urdf.xacro
[1.017s] -- Up-to-date: /home/interstellar/launch_ws/install/robo_build/share/robo_build/urdf/ins_bot/sensor
[1.019s] -- Up-to-date: /home/interstellar/launch_ws/install/robo_build/share/robo_build/urdf/ins_bot/sensor/imu.urdf.xacro
[1.019s] -- Up-to-date: /home/interstellar/launch_ws/install/robo_build/share/robo_build/urdf/ins_bot/sensor/camera.urdf.xacro
[1.019s] -- Up-to-date: /home/interstellar/launch_ws/install/robo_build/share/robo_build/urdf/ins_bot/sensor/laser.urdf.xacro
[1.019s] -- Up-to-date: /home/interstellar/launch_ws/install/robo_build/share/robo_build/urdf/basic_robot.pdf
[1.019s] -- Up-to-date: /home/interstellar/launch_ws/install/robo_build/share/robo_build/config
[1.020s] -- Up-to-date: /home/interstellar/launch_ws/install/robo_build/share/robo_build/config/rviz
[1.020s] -- Up-to-date: /home/interstellar/launch_ws/install/robo_build/share/robo_build/config/rviz/display_model.rviz
[1.020s] -- Up-to-date: /home/interstellar/launch_ws/install/robo_build/share/ament_index/resource_index/package_run_dependencies/robo_build
[1.020s] -- Up-to-date: /home/interstellar/launch_ws/install/robo_build/share/ament_index/resource_index/parent_prefix_path/robo_build
[1.020s] -- Up-to-date: /home/interstellar/launch_ws/install/robo_build/share/robo_build/environment/ament_prefix_path.sh
[1.022s] -- Up-to-date: /home/interstellar/launch_ws/install/robo_build/share/robo_build/environment/ament_prefix_path.dsv
[1.023s] -- Up-to-date: /home/interstellar/launch_ws/install/robo_build/share/robo_build/environment/path.sh
[1.023s] -- Up-to-date: /home/interstellar/launch_ws/install/robo_build/share/robo_build/environment/path.dsv
[1.023s] -- Up-to-date: /home/interstellar/launch_ws/install/robo_build/share/robo_build/local_setup.bash
[1.023s] -- Up-to-date: /home/interstellar/launch_ws/install/robo_build/share/robo_build/local_setup.sh
[1.023s] -- Up-to-date: /home/interstellar/launch_ws/install/robo_build/share/robo_build/local_setup.zsh
[1.023s] -- Up-to-date: /home/interstellar/launch_ws/install/robo_build/share/robo_build/local_setup.dsv
[1.024s] -- Installing: /home/interstellar/launch_ws/install/robo_build/share/robo_build/package.dsv
[1.024s] -- Up-to-date: /home/interstellar/launch_ws/install/robo_build/share/ament_index/resource_index/packages/robo_build
[1.024s] -- Up-to-date: /home/interstellar/launch_ws/install/robo_build/share/robo_build/cmake/robo_buildConfig.cmake
[1.024s] -- Up-to-date: /home/interstellar/launch_ws/install/robo_build/share/robo_build/cmake/robo_buildConfig-version.cmake
[1.024s] -- Up-to-date: /home/interstellar/launch_ws/install/robo_build/share/robo_build/package.xml
[1.027s] Invoked command in '/home/interstellar/launch_ws/build/robo_build' returned '0': CMAKE_PREFIX_PATH=/opt/ros/humble /usr/bin/cmake --install /home/interstellar/launch_ws/build/robo_build
