[0.387s] DEBUG:colcon:Command line arguments: ['/usr/bin/colcon', 'build']
[0.387s] DEBUG:colcon:Parsed command line arguments: Namespace(log_base=None, log_level=None, verb_name='build', build_base='build', install_base='install', merge_install=False, symlink_install=False, test_result_base=None, continue_on_error=False, executor='parallel', parallel_workers=4, event_handlers=None, ignore_user_meta=False, metas=['./colcon.meta'], base_paths=['.'], packages_ignore=None, packages_ignore_regex=None, paths=None, packages_up_to=None, packages_up_to_regex=None, packages_above=None, packages_above_and_dependencies=None, packages_above_depth=None, packages_select_by_dep=None, packages_skip_by_dep=None, packages_skip_up_to=None, packages_select_build_failed=False, packages_skip_build_finished=False, packages_select_test_failures=False, packages_skip_test_passed=False, packages_select=None, packages_skip=None, packages_select_regex=None, packages_skip_regex=None, packages_start=None, packages_end=None, allow_overriding=[], cmake_args=None, cmake_target=None, cmake_target_skip_unavailable=False, cmake_clean_cache=False, cmake_clean_first=False, cmake_force_configure=False, ament_cmake_args=None, catkin_cmake_args=None, catkin_skip_building_tests=False, verb_parser=<colcon_defaults.argument_parser.defaults.DefaultArgumentsDecorator object at 0x75f067a4c250>, verb_extension=<colcon_core.verb.build.BuildVerb object at 0x75f067a17160>, main=<bound method BuildVerb.main of <colcon_core.verb.build.BuildVerb object at 0x75f067a17160>>)
[0.941s] Level 1:colcon.colcon_core.package_discovery:discover_packages(colcon_meta) check parameters
[0.942s] Level 1:colcon.colcon_core.package_discovery:discover_packages(recursive) check parameters
[0.942s] Level 1:colcon.colcon_core.package_discovery:discover_packages(ignore) check parameters
[0.942s] Level 1:colcon.colcon_core.package_discovery:discover_packages(path) check parameters
[0.942s] Level 1:colcon.colcon_core.package_discovery:discover_packages(colcon_meta) discover
[0.942s] Level 1:colcon.colcon_core.package_discovery:discover_packages(recursive) discover
[0.942s] INFO:colcon.colcon_core.package_discovery:Crawling recursively for packages in '/home/interstellar/launch_ws'
[0.943s] Level 1:colcon.colcon_core.package_identification:_identify(.) by extensions ['ignore', 'ignore_ament_install']
[0.943s] Level 1:colcon.colcon_core.package_identification:_identify(.) by extension 'ignore'
[0.943s] Level 1:colcon.colcon_core.package_identification:_identify(.) by extension 'ignore_ament_install'
[0.943s] Level 1:colcon.colcon_core.package_identification:_identify(.) by extensions ['colcon_pkg']
[0.943s] Level 1:colcon.colcon_core.package_identification:_identify(.) by extension 'colcon_pkg'
[0.943s] Level 1:colcon.colcon_core.package_identification:_identify(.) by extensions ['colcon_meta']
[0.944s] Level 1:colcon.colcon_core.package_identification:_identify(.) by extension 'colcon_meta'
[0.944s] Level 1:colcon.colcon_core.package_identification:_identify(.) by extensions ['ros']
[0.944s] Level 1:colcon.colcon_core.package_identification:_identify(.) by extension 'ros'
[0.985s] Level 1:colcon.colcon_core.package_identification:_identify(.) by extensions ['cmake', 'python']
[0.985s] Level 1:colcon.colcon_core.package_identification:_identify(.) by extension 'cmake'
[0.985s] Level 1:colcon.colcon_core.package_identification:_identify(.) by extension 'python'
[0.986s] Level 1:colcon.colcon_core.package_identification:_identify(.) by extensions ['python_setup_py']
[0.986s] Level 1:colcon.colcon_core.package_identification:_identify(.) by extension 'python_setup_py'
[0.986s] Level 1:colcon.colcon_core.package_identification:_identify(build) by extensions ['ignore', 'ignore_ament_install']
[0.987s] Level 1:colcon.colcon_core.package_identification:_identify(build) by extension 'ignore'
[0.987s] Level 1:colcon.colcon_core.package_identification:_identify(build) ignored
[0.987s] Level 1:colcon.colcon_core.package_identification:_identify(install) by extensions ['ignore', 'ignore_ament_install']
[0.987s] Level 1:colcon.colcon_core.package_identification:_identify(install) by extension 'ignore'
[0.988s] Level 1:colcon.colcon_core.package_identification:_identify(install) ignored
[0.988s] Level 1:colcon.colcon_core.package_identification:_identify(log) by extensions ['ignore', 'ignore_ament_install']
[0.988s] Level 1:colcon.colcon_core.package_identification:_identify(log) by extension 'ignore'
[0.988s] Level 1:colcon.colcon_core.package_identification:_identify(log) ignored
[0.988s] Level 1:colcon.colcon_core.package_identification:_identify(src) by extensions ['ignore', 'ignore_ament_install']
[0.988s] Level 1:colcon.colcon_core.package_identification:_identify(src) by extension 'ignore'
[0.988s] Level 1:colcon.colcon_core.package_identification:_identify(src) by extension 'ignore_ament_install'
[0.989s] Level 1:colcon.colcon_core.package_identification:_identify(src) by extensions ['colcon_pkg']
[0.989s] Level 1:colcon.colcon_core.package_identification:_identify(src) by extension 'colcon_pkg'
[0.989s] Level 1:colcon.colcon_core.package_identification:_identify(src) by extensions ['colcon_meta']
[0.989s] Level 1:colcon.colcon_core.package_identification:_identify(src) by extension 'colcon_meta'
[0.989s] Level 1:colcon.colcon_core.package_identification:_identify(src) by extensions ['ros']
[0.989s] Level 1:colcon.colcon_core.package_identification:_identify(src) by extension 'ros'
[0.990s] Level 1:colcon.colcon_core.package_identification:_identify(src) by extensions ['cmake', 'python']
[0.990s] Level 1:colcon.colcon_core.package_identification:_identify(src) by extension 'cmake'
[0.990s] Level 1:colcon.colcon_core.package_identification:_identify(src) by extension 'python'
[0.990s] Level 1:colcon.colcon_core.package_identification:_identify(src) by extensions ['python_setup_py']
[0.990s] Level 1:colcon.colcon_core.package_identification:_identify(src) by extension 'python_setup_py'
[0.991s] Level 1:colcon.colcon_core.package_identification:_identify(src/py_launch_example) by extensions ['ignore', 'ignore_ament_install']
[0.991s] Level 1:colcon.colcon_core.package_identification:_identify(src/py_launch_example) by extension 'ignore'
[0.991s] Level 1:colcon.colcon_core.package_identification:_identify(src/py_launch_example) by extension 'ignore_ament_install'
[0.991s] Level 1:colcon.colcon_core.package_identification:_identify(src/py_launch_example) by extensions ['colcon_pkg']
[0.991s] Level 1:colcon.colcon_core.package_identification:_identify(src/py_launch_example) by extension 'colcon_pkg'
[0.991s] Level 1:colcon.colcon_core.package_identification:_identify(src/py_launch_example) by extensions ['colcon_meta']
[0.991s] Level 1:colcon.colcon_core.package_identification:_identify(src/py_launch_example) by extension 'colcon_meta'
[0.992s] Level 1:colcon.colcon_core.package_identification:_identify(src/py_launch_example) by extensions ['ros']
[0.992s] Level 1:colcon.colcon_core.package_identification:_identify(src/py_launch_example) by extension 'ros'
[0.999s] DEBUG:colcon.colcon_core.package_identification:Package 'src/py_launch_example' with type 'ros.ament_python' and name 'py_launch_example'
[0.999s] Level 1:colcon.colcon_core.package_identification:_identify(src/robo_build) by extensions ['ignore', 'ignore_ament_install']
[0.999s] Level 1:colcon.colcon_core.package_identification:_identify(src/robo_build) by extension 'ignore'
[0.999s] Level 1:colcon.colcon_core.package_identification:_identify(src/robo_build) by extension 'ignore_ament_install'
[0.999s] Level 1:colcon.colcon_core.package_identification:_identify(src/robo_build) by extensions ['colcon_pkg']
[0.999s] Level 1:colcon.colcon_core.package_identification:_identify(src/robo_build) by extension 'colcon_pkg'
[1.000s] Level 1:colcon.colcon_core.package_identification:_identify(src/robo_build) by extensions ['colcon_meta']
[1.000s] Level 1:colcon.colcon_core.package_identification:_identify(src/robo_build) by extension 'colcon_meta'
[1.000s] Level 1:colcon.colcon_core.package_identification:_identify(src/robo_build) by extensions ['ros']
[1.000s] Level 1:colcon.colcon_core.package_identification:_identify(src/robo_build) by extension 'ros'
[1.001s] DEBUG:colcon.colcon_core.package_identification:Package 'src/robo_build' with type 'ros.ament_cmake' and name 'robo_build'
[1.001s] Level 1:colcon.colcon_core.package_discovery:discover_packages(recursive) using defaults
[1.001s] Level 1:colcon.colcon_core.package_discovery:discover_packages(ignore) discover
[1.001s] Level 1:colcon.colcon_core.package_discovery:discover_packages(ignore) using defaults
[1.001s] Level 1:colcon.colcon_core.package_discovery:discover_packages(path) discover
[1.001s] Level 1:colcon.colcon_core.package_discovery:discover_packages(path) using defaults
[1.245s] Level 1:colcon.colcon_core.package_discovery:discover_packages(prefix_path) check parameters
[1.246s] Level 1:colcon.colcon_core.package_discovery:discover_packages(prefix_path) discover
[1.258s] DEBUG:colcon.colcon_installed_package_information.package_discovery:Found 273 installed packages in /opt/ros/humble
[1.304s] Level 1:colcon.colcon_core.package_discovery:discover_packages(prefix_path) using defaults
[1.627s] Level 5:colcon.colcon_core.verb:set package 'py_launch_example' build argument 'cmake_args' from command line to 'None'
[1.628s] Level 5:colcon.colcon_core.verb:set package 'py_launch_example' build argument 'cmake_target' from command line to 'None'
[1.628s] Level 5:colcon.colcon_core.verb:set package 'py_launch_example' build argument 'cmake_target_skip_unavailable' from command line to 'False'
[1.628s] Level 5:colcon.colcon_core.verb:set package 'py_launch_example' build argument 'cmake_clean_cache' from command line to 'False'
[1.628s] Level 5:colcon.colcon_core.verb:set package 'py_launch_example' build argument 'cmake_clean_first' from command line to 'False'
[1.628s] Level 5:colcon.colcon_core.verb:set package 'py_launch_example' build argument 'cmake_force_configure' from command line to 'False'
[1.628s] Level 5:colcon.colcon_core.verb:set package 'py_launch_example' build argument 'ament_cmake_args' from command line to 'None'
[1.628s] Level 5:colcon.colcon_core.verb:set package 'py_launch_example' build argument 'catkin_cmake_args' from command line to 'None'
[1.628s] Level 5:colcon.colcon_core.verb:set package 'py_launch_example' build argument 'catkin_skip_building_tests' from command line to 'False'
[1.628s] DEBUG:colcon.colcon_core.verb:Building package 'py_launch_example' with the following arguments: {'ament_cmake_args': None, 'build_base': '/home/interstellar/launch_ws/build/py_launch_example', 'catkin_cmake_args': None, 'catkin_skip_building_tests': False, 'cmake_args': None, 'cmake_clean_cache': False, 'cmake_clean_first': False, 'cmake_force_configure': False, 'cmake_target': None, 'cmake_target_skip_unavailable': False, 'install_base': '/home/interstellar/launch_ws/install/py_launch_example', 'merge_install': False, 'path': '/home/interstellar/launch_ws/src/py_launch_example', 'symlink_install': False, 'test_result_base': None}
[1.629s] Level 5:colcon.colcon_core.verb:set package 'robo_build' build argument 'cmake_args' from command line to 'None'
[1.629s] Level 5:colcon.colcon_core.verb:set package 'robo_build' build argument 'cmake_target' from command line to 'None'
[1.629s] Level 5:colcon.colcon_core.verb:set package 'robo_build' build argument 'cmake_target_skip_unavailable' from command line to 'False'
[1.629s] Level 5:colcon.colcon_core.verb:set package 'robo_build' build argument 'cmake_clean_cache' from command line to 'False'
[1.630s] Level 5:colcon.colcon_core.verb:set package 'robo_build' build argument 'cmake_clean_first' from command line to 'False'
[1.630s] Level 5:colcon.colcon_core.verb:set package 'robo_build' build argument 'cmake_force_configure' from command line to 'False'
[1.630s] Level 5:colcon.colcon_core.verb:set package 'robo_build' build argument 'ament_cmake_args' from command line to 'None'
[1.630s] Level 5:colcon.colcon_core.verb:set package 'robo_build' build argument 'catkin_cmake_args' from command line to 'None'
[1.630s] Level 5:colcon.colcon_core.verb:set package 'robo_build' build argument 'catkin_skip_building_tests' from command line to 'False'
[1.630s] DEBUG:colcon.colcon_core.verb:Building package 'robo_build' with the following arguments: {'ament_cmake_args': None, 'build_base': '/home/interstellar/launch_ws/build/robo_build', 'catkin_cmake_args': None, 'catkin_skip_building_tests': False, 'cmake_args': None, 'cmake_clean_cache': False, 'cmake_clean_first': False, 'cmake_force_configure': False, 'cmake_target': None, 'cmake_target_skip_unavailable': False, 'install_base': '/home/interstellar/launch_ws/install/robo_build', 'merge_install': False, 'path': '/home/interstellar/launch_ws/src/robo_build', 'symlink_install': False, 'test_result_base': None}
[1.631s] INFO:colcon.colcon_core.executor:Executing jobs using 'parallel' executor
[1.636s] DEBUG:colcon.colcon_parallel_executor.executor.parallel:run_until_complete
[1.637s] INFO:colcon.colcon_ros.task.ament_python.build:Building ROS package in '/home/interstellar/launch_ws/src/py_launch_example' with build type 'ament_python'
[1.637s] Level 1:colcon.colcon_core.shell:create_environment_hook('py_launch_example', 'ament_prefix_path')
[1.645s] INFO:colcon.colcon_core.plugin_system:Skipping extension 'colcon_core.shell.bat': Not used on non-Windows systems
[1.646s] INFO:colcon.colcon_core.shell:Creating environment hook '/home/interstellar/launch_ws/install/py_launch_example/share/py_launch_example/hook/ament_prefix_path.ps1'
[1.648s] INFO:colcon.colcon_core.shell:Creating environment descriptor '/home/interstellar/launch_ws/install/py_launch_example/share/py_launch_example/hook/ament_prefix_path.dsv'
[1.651s] INFO:colcon.colcon_core.shell:Creating environment hook '/home/interstellar/launch_ws/install/py_launch_example/share/py_launch_example/hook/ament_prefix_path.sh'
[1.653s] INFO:colcon.colcon_core.shell:Skip shell extension 'powershell' for command environment: Not usable outside of PowerShell
[1.654s] DEBUG:colcon.colcon_core.shell:Skip shell extension 'dsv' for command environment
[1.661s] INFO:colcon.colcon_ros.task.ament_cmake.build:Building ROS package in '/home/interstellar/launch_ws/src/robo_build' with build type 'ament_cmake'
[1.662s] INFO:colcon.colcon_cmake.task.cmake.build:Building CMake package in '/home/interstellar/launch_ws/src/robo_build'
[1.663s] INFO:colcon.colcon_core.shell:Skip shell extension 'powershell' for command environment: Not usable outside of PowerShell
[1.663s] DEBUG:colcon.colcon_core.shell:Skip shell extension 'dsv' for command environment
[3.053s] INFO:colcon.colcon_core.task.python.build:Building Python package in '/home/interstellar/launch_ws/src/py_launch_example'
[3.054s] INFO:colcon.colcon_core.shell:Skip shell extension 'powershell' for command environment: Not usable outside of PowerShell
[3.055s] DEBUG:colcon.colcon_core.shell:Skip shell extension 'dsv' for command environment
[3.087s] DEBUG:colcon.colcon_core.event_handler.log_command:Invoking command in '/home/interstellar/launch_ws/build/robo_build': CMAKE_PREFIX_PATH=/opt/ros/humble /usr/bin/cmake --build /home/interstellar/launch_ws/build/robo_build -- -j4 -l4
[3.330s] DEBUG:colcon.colcon_core.event_handler.log_command:Invoked command in '/home/interstellar/launch_ws/build/robo_build' returned '0': CMAKE_PREFIX_PATH=/opt/ros/humble /usr/bin/cmake --build /home/interstellar/launch_ws/build/robo_build -- -j4 -l4
[3.491s] DEBUG:colcon.colcon_core.event_handler.log_command:Invoking command in '/home/interstellar/launch_ws/build/robo_build': CMAKE_PREFIX_PATH=/opt/ros/humble /usr/bin/cmake --install /home/interstellar/launch_ws/build/robo_build
[3.534s] Level 1:colcon.colcon_core.environment:create_environment_scripts_only(robo_build)
[3.537s] DEBUG:colcon.colcon_core.event_handler.log_command:Invoked command in '/home/interstellar/launch_ws/build/robo_build' returned '0': CMAKE_PREFIX_PATH=/opt/ros/humble /usr/bin/cmake --install /home/interstellar/launch_ws/build/robo_build
[3.546s] Level 1:colcon.colcon_core.environment:checking '/home/interstellar/launch_ws/install/robo_build' for CMake module files
[3.547s] Level 1:colcon.colcon_core.environment:checking '/home/interstellar/launch_ws/install/robo_build' for CMake config files
[3.548s] Level 1:colcon.colcon_core.shell:create_environment_hook('robo_build', 'cmake_prefix_path')
[3.548s] INFO:colcon.colcon_core.shell:Creating environment hook '/home/interstellar/launch_ws/install/robo_build/share/robo_build/hook/cmake_prefix_path.ps1'
[3.550s] INFO:colcon.colcon_core.shell:Creating environment descriptor '/home/interstellar/launch_ws/install/robo_build/share/robo_build/hook/cmake_prefix_path.dsv'
[3.552s] INFO:colcon.colcon_core.shell:Creating environment hook '/home/interstellar/launch_ws/install/robo_build/share/robo_build/hook/cmake_prefix_path.sh'
[3.555s] Level 1:colcon.colcon_core.environment:checking '/home/interstellar/launch_ws/install/robo_build/bin'
[3.555s] Level 1:colcon.colcon_core.environment:checking '/home/interstellar/launch_ws/install/robo_build/lib/pkgconfig/robo_build.pc'
[3.555s] Level 1:colcon.colcon_core.environment:checking '/home/interstellar/launch_ws/install/robo_build/lib/python3.10/site-packages'
[3.556s] Level 1:colcon.colcon_core.environment:checking '/home/interstellar/launch_ws/install/robo_build/bin'
[3.556s] INFO:colcon.colcon_core.shell:Creating package script '/home/interstellar/launch_ws/install/robo_build/share/robo_build/package.ps1'
[3.558s] INFO:colcon.colcon_core.shell:Creating package descriptor '/home/interstellar/launch_ws/install/robo_build/share/robo_build/package.dsv'
[3.559s] INFO:colcon.colcon_core.shell:Creating package script '/home/interstellar/launch_ws/install/robo_build/share/robo_build/package.sh'
[3.561s] INFO:colcon.colcon_core.shell:Creating package script '/home/interstellar/launch_ws/install/robo_build/share/robo_build/package.bash'
[3.563s] INFO:colcon.colcon_core.shell:Creating package script '/home/interstellar/launch_ws/install/robo_build/share/robo_build/package.zsh'
[3.565s] Level 1:colcon.colcon_core.environment:create_file_with_runtime_dependencies(/home/interstellar/launch_ws/install/robo_build/share/colcon-core/packages/robo_build)
[3.661s] Level 1:colcon.colcon_core.environment:create_environment_scripts_only(robo_build)
[3.662s] Level 1:colcon.colcon_core.environment:checking '/home/interstellar/launch_ws/install/robo_build' for CMake module files
[3.663s] Level 1:colcon.colcon_core.environment:checking '/home/interstellar/launch_ws/install/robo_build' for CMake config files
[3.663s] Level 1:colcon.colcon_core.shell:create_environment_hook('robo_build', 'cmake_prefix_path')
[3.664s] INFO:colcon.colcon_core.shell:Creating environment hook '/home/interstellar/launch_ws/install/robo_build/share/robo_build/hook/cmake_prefix_path.ps1'
[3.666s] INFO:colcon.colcon_core.shell:Creating environment descriptor '/home/interstellar/launch_ws/install/robo_build/share/robo_build/hook/cmake_prefix_path.dsv'
[3.667s] INFO:colcon.colcon_core.shell:Creating environment hook '/home/interstellar/launch_ws/install/robo_build/share/robo_build/hook/cmake_prefix_path.sh'
[3.668s] Level 1:colcon.colcon_core.environment:checking '/home/interstellar/launch_ws/install/robo_build/bin'
[3.668s] Level 1:colcon.colcon_core.environment:checking '/home/interstellar/launch_ws/install/robo_build/lib/pkgconfig/robo_build.pc'
[3.669s] Level 1:colcon.colcon_core.environment:checking '/home/interstellar/launch_ws/install/robo_build/lib/python3.10/site-packages'
[3.670s] Level 1:colcon.colcon_core.environment:checking '/home/interstellar/launch_ws/install/robo_build/bin'
[3.671s] INFO:colcon.colcon_core.shell:Creating package script '/home/interstellar/launch_ws/install/robo_build/share/robo_build/package.ps1'
[3.672s] INFO:colcon.colcon_core.shell:Creating package descriptor '/home/interstellar/launch_ws/install/robo_build/share/robo_build/package.dsv'
[3.673s] INFO:colcon.colcon_core.shell:Creating package script '/home/interstellar/launch_ws/install/robo_build/share/robo_build/package.sh'
[3.674s] INFO:colcon.colcon_core.shell:Creating package script '/home/interstellar/launch_ws/install/robo_build/share/robo_build/package.bash'
[3.676s] INFO:colcon.colcon_core.shell:Creating package script '/home/interstellar/launch_ws/install/robo_build/share/robo_build/package.zsh'
[3.677s] Level 1:colcon.colcon_core.environment:create_file_with_runtime_dependencies(/home/interstellar/launch_ws/install/robo_build/share/colcon-core/packages/robo_build)
[5.056s] DEBUG:colcon.colcon_core.event_handler.log_command:Invoking command in '/home/interstellar/launch_ws/src/py_launch_example': PYTHONPATH=/home/interstellar/launch_ws/build/py_launch_example/prefix_override:/usr/lib/python3/dist-packages/colcon_core/task/python/colcon_distutils_commands:/home/interstellar/launch_ws/install/py_launch_example/lib/python3.10/site-packages:${PYTHONPATH} /usr/bin/python3 -W ignore:setup.py install is deprecated setup.py egg_info --egg-base ../../build/py_launch_example build --build-base /home/interstellar/launch_ws/build/py_launch_example/build install --record /home/interstellar/launch_ws/build/py_launch_example/install.log --single-version-externally-managed install_data
[5.759s] Level 1:colcon.colcon_core.environment:checking '/home/interstellar/launch_ws/install/py_launch_example' for CMake module files
[5.762s] DEBUG:colcon.colcon_core.event_handler.log_command:Invoked command in '/home/interstellar/launch_ws/src/py_launch_example' returned '0': PYTHONPATH=/home/interstellar/launch_ws/build/py_launch_example/prefix_override:/usr/lib/python3/dist-packages/colcon_core/task/python/colcon_distutils_commands:/home/interstellar/launch_ws/install/py_launch_example/lib/python3.10/site-packages:${PYTHONPATH} /usr/bin/python3 -W ignore:setup.py install is deprecated setup.py egg_info --egg-base ../../build/py_launch_example build --build-base /home/interstellar/launch_ws/build/py_launch_example/build install --record /home/interstellar/launch_ws/build/py_launch_example/install.log --single-version-externally-managed install_data
[5.763s] Level 1:colcon.colcon_core.environment:checking '/home/interstellar/launch_ws/install/py_launch_example' for CMake config files
[5.766s] Level 1:colcon.colcon_core.environment:checking '/home/interstellar/launch_ws/install/py_launch_example/lib'
[5.766s] Level 1:colcon.colcon_core.environment:checking '/home/interstellar/launch_ws/install/py_launch_example/bin'
[5.767s] Level 1:colcon.colcon_core.environment:checking '/home/interstellar/launch_ws/install/py_launch_example/lib/pkgconfig/py_launch_example.pc'
[5.767s] Level 1:colcon.colcon_core.environment:checking '/home/interstellar/launch_ws/install/py_launch_example/lib/python3.10/site-packages'
[5.767s] Level 1:colcon.colcon_core.shell:create_environment_hook('py_launch_example', 'pythonpath')
[5.768s] INFO:colcon.colcon_core.shell:Creating environment hook '/home/interstellar/launch_ws/install/py_launch_example/share/py_launch_example/hook/pythonpath.ps1'
[5.770s] INFO:colcon.colcon_core.shell:Creating environment descriptor '/home/interstellar/launch_ws/install/py_launch_example/share/py_launch_example/hook/pythonpath.dsv'
[5.771s] INFO:colcon.colcon_core.shell:Creating environment hook '/home/interstellar/launch_ws/install/py_launch_example/share/py_launch_example/hook/pythonpath.sh'
[5.773s] Level 1:colcon.colcon_core.environment:checking '/home/interstellar/launch_ws/install/py_launch_example/bin'
[5.773s] Level 1:colcon.colcon_core.environment:create_environment_scripts_only(py_launch_example)
[5.774s] INFO:colcon.colcon_core.shell:Creating package script '/home/interstellar/launch_ws/install/py_launch_example/share/py_launch_example/package.ps1'
[5.776s] INFO:colcon.colcon_core.shell:Creating package descriptor '/home/interstellar/launch_ws/install/py_launch_example/share/py_launch_example/package.dsv'
[5.778s] INFO:colcon.colcon_core.shell:Creating package script '/home/interstellar/launch_ws/install/py_launch_example/share/py_launch_example/package.sh'
[5.779s] INFO:colcon.colcon_core.shell:Creating package script '/home/interstellar/launch_ws/install/py_launch_example/share/py_launch_example/package.bash'
[5.781s] INFO:colcon.colcon_core.shell:Creating package script '/home/interstellar/launch_ws/install/py_launch_example/share/py_launch_example/package.zsh'
[5.782s] Level 1:colcon.colcon_core.environment:create_file_with_runtime_dependencies(/home/interstellar/launch_ws/install/py_launch_example/share/colcon-core/packages/py_launch_example)
[5.783s] DEBUG:colcon.colcon_parallel_executor.executor.parallel:closing loop
[5.785s] DEBUG:colcon.colcon_parallel_executor.executor.parallel:loop closed
[5.785s] DEBUG:colcon.colcon_parallel_executor.executor.parallel:run_until_complete finished with '0'
[5.785s] DEBUG:colcon.colcon_core.event_reactor:joining thread
[5.804s] INFO:colcon.colcon_core.plugin_system:Skipping extension 'colcon_notification.desktop_notification.terminal_notifier': Not used on non-Darwin systems
[5.805s] INFO:colcon.colcon_core.plugin_system:Skipping extension 'colcon_notification.desktop_notification.win32': Not used on non-Windows systems
[5.805s] INFO:colcon.colcon_notification.desktop_notification:Sending desktop notification using 'notify2'
[6.006s] DEBUG:colcon.colcon_core.event_reactor:joined thread
[6.007s] INFO:colcon.colcon_core.shell:Creating prefix script '/home/interstellar/launch_ws/install/local_setup.ps1'
[6.010s] INFO:colcon.colcon_core.shell:Creating prefix util module '/home/interstellar/launch_ws/install/_local_setup_util_ps1.py'
[6.015s] INFO:colcon.colcon_core.shell:Creating prefix chain script '/home/interstellar/launch_ws/install/setup.ps1'
[6.018s] INFO:colcon.colcon_core.shell:Creating prefix script '/home/interstellar/launch_ws/install/local_setup.sh'
[6.021s] INFO:colcon.colcon_core.shell:Creating prefix util module '/home/interstellar/launch_ws/install/_local_setup_util_sh.py'
[6.023s] INFO:colcon.colcon_core.shell:Creating prefix chain script '/home/interstellar/launch_ws/install/setup.sh'
[6.026s] INFO:colcon.colcon_core.shell:Creating prefix script '/home/interstellar/launch_ws/install/local_setup.bash'
[6.028s] INFO:colcon.colcon_core.shell:Creating prefix chain script '/home/interstellar/launch_ws/install/setup.bash'
[6.031s] INFO:colcon.colcon_core.shell:Creating prefix script '/home/interstellar/launch_ws/install/local_setup.zsh'
[6.033s] INFO:colcon.colcon_core.shell:Creating prefix chain script '/home/interstellar/launch_ws/install/setup.zsh'
