[0.864s] Invoking command in '/home/interstellar/launch_ws/src/py_launch_example': PYTHONPATH=/home/interstellar/launch_ws/build/py_launch_example/prefix_override:/usr/lib/python3/dist-packages/colcon_core/task/python/colcon_distutils_commands:/home/interstellar/launch_ws/install/py_launch_example/lib/python3.10/site-packages:${PYTHONPATH} /usr/bin/python3 -W ignore:setup.py install is deprecated setup.py egg_info --egg-base ../../build/py_launch_example build --build-base /home/interstellar/launch_ws/build/py_launch_example/build install --record /home/interstellar/launch_ws/build/py_launch_example/install.log --single-version-externally-managed install_data
[1.196s] running egg_info
[1.196s] writing ../../build/py_launch_example/py_launch_example.egg-info/PKG-INFO
[1.197s] writing dependency_links to ../../build/py_launch_example/py_launch_example.egg-info/dependency_links.txt
[1.197s] writing entry points to ../../build/py_launch_example/py_launch_example.egg-info/entry_points.txt
[1.197s] writing requirements to ../../build/py_launch_example/py_launch_example.egg-info/requires.txt
[1.198s] writing top-level names to ../../build/py_launch_example/py_launch_example.egg-info/top_level.txt
[1.199s] reading manifest file '../../build/py_launch_example/py_launch_example.egg-info/SOURCES.txt'
[1.200s] writing manifest file '../../build/py_launch_example/py_launch_example.egg-info/SOURCES.txt'
[1.200s] running build
[1.200s] running build_py
[1.201s] running install
[1.201s] running install_lib
[1.202s] running install_data
[1.202s] running install_egg_info
[1.204s] removing '/home/interstellar/launch_ws/install/py_launch_example/lib/python3.10/site-packages/py_launch_example-0.0.0-py3.10.egg-info' (and everything under it)
[1.204s] Copying ../../build/py_launch_example/py_launch_example.egg-info to /home/interstellar/launch_ws/install/py_launch_example/lib/python3.10/site-packages/py_launch_example-0.0.0-py3.10.egg-info
[1.204s] running install_scripts
[1.236s] writing list of installed files to '/home/interstellar/launch_ws/build/py_launch_example/install.log'
[1.267s] Invoked command in '/home/interstellar/launch_ws/src/py_launch_example' returned '0': PYTHONPATH=/home/interstellar/launch_ws/build/py_launch_example/prefix_override:/usr/lib/python3/dist-packages/colcon_core/task/python/colcon_distutils_commands:/home/interstellar/launch_ws/install/py_launch_example/lib/python3.10/site-packages:${PYTHONPATH} /usr/bin/python3 -W ignore:setup.py install is deprecated setup.py egg_info --egg-base ../../build/py_launch_example build --build-base /home/interstellar/launch_ws/build/py_launch_example/build install --record /home/interstellar/launch_ws/build/py_launch_example/install.log --single-version-externally-managed install_data
