[0.041s] Invoking command in '/home/interstellar/launch_ws/build/robo_build': CMAKE_PREFIX_PATH=${CMAKE_PREFIX_PATH}:/home/interstellar/launch_ws/install/py_launch_example:/opt/ros/humble /usr/bin/cmake --build /home/interstellar/launch_ws/build/robo_build -- -j4 -l4
[0.184s] Invoked command in '/home/interstellar/launch_ws/build/robo_build' returned '0': CMAKE_PREFIX_PATH=${CMAKE_PREFIX_PATH}:/home/interstellar/launch_ws/install/py_launch_example:/opt/ros/humble /usr/bin/cmake --build /home/interstellar/launch_ws/build/robo_build -- -j4 -l4
[0.333s] Invoking command in '/home/interstellar/launch_ws/build/robo_build': CMAKE_PREFIX_PATH=${CMAKE_PREFIX_PATH}:/home/interstellar/launch_ws/install/py_launch_example:/opt/ros/humble /usr/bin/cmake --install /home/interstellar/launch_ws/build/robo_build
[0.366s] -- Install configuration: ""
[0.366s] -- Up-to-date: /home/interstellar/launch_ws/install/robo_build/share/robo_build/launch
[0.366s] -- Installing: /home/interstellar/launch_ws/install/robo_build/share/robo_build/launch/robo.launch.py
[0.367s] -- Up-to-date: /home/interstellar/launch_ws/install/robo_build/share/robo_build/urdf
[0.368s] -- Up-to-date: /home/interstellar/launch_ws/install/robo_build/share/robo_build/urdf/robo.urdf
[0.368s] -- Up-to-date: /home/interstellar/launch_ws/install/robo_build/share/robo_build/urdf/basic_robot.gv
[0.368s] -- Up-to-date: /home/interstellar/launch_ws/install/robo_build/share/robo_build/urdf/basic_robot.pdf
[0.368s] -- Up-to-date: /home/interstellar/launch_ws/install/robo_build/share/ament_index/resource_index/package_run_dependencies/robo_build
[0.368s] -- Up-to-date: /home/interstellar/launch_ws/install/robo_build/share/ament_index/resource_index/parent_prefix_path/robo_build
[0.368s] -- Up-to-date: /home/interstellar/launch_ws/install/robo_build/share/robo_build/environment/ament_prefix_path.sh
[0.368s] -- Up-to-date: /home/interstellar/launch_ws/install/robo_build/share/robo_build/environment/ament_prefix_path.dsv
[0.369s] -- Up-to-date: /home/interstellar/launch_ws/install/robo_build/share/robo_build/environment/path.sh
[0.369s] -- Up-to-date: /home/interstellar/launch_ws/install/robo_build/share/robo_build/environment/path.dsv
[0.369s] -- Up-to-date: /home/interstellar/launch_ws/install/robo_build/share/robo_build/local_setup.bash
[0.369s] -- Up-to-date: /home/interstellar/launch_ws/install/robo_build/share/robo_build/local_setup.sh
[0.369s] -- Up-to-date: /home/interstellar/launch_ws/install/robo_build/share/robo_build/local_setup.zsh
[0.369s] -- Up-to-date: /home/interstellar/launch_ws/install/robo_build/share/robo_build/local_setup.dsv
[0.370s] -- Installing: /home/interstellar/launch_ws/install/robo_build/share/robo_build/package.dsv
[0.370s] -- Up-to-date: /home/interstellar/launch_ws/install/robo_build/share/ament_index/resource_index/packages/robo_build
[0.371s] -- Up-to-date: /home/interstellar/launch_ws/install/robo_build/share/robo_build/cmake/robo_buildConfig.cmake
[0.371s] -- Up-to-date: /home/interstellar/launch_ws/install/robo_build/share/robo_build/cmake/robo_buildConfig-version.cmake
[0.371s] -- Up-to-date: /home/interstellar/launch_ws/install/robo_build/share/robo_build/package.xml
[0.375s] Invoked command in '/home/interstellar/launch_ws/build/robo_build' returned '0': CMAKE_PREFIX_PATH=${CMAKE_PREFIX_PATH}:/home/interstellar/launch_ws/install/py_launch_example:/opt/ros/humble /usr/bin/cmake --install /home/interstellar/launch_ws/build/robo_build
