[0.747s] Invoking command in '/home/interstellar/launch_ws/build/robo_build': CMAKE_PREFIX_PATH=/opt/ros/humble /usr/bin/cmake --build /home/interstellar/launch_ws/build/robo_build -- -j4 -l4
[0.875s] Invoked command in '/home/interstellar/launch_ws/build/robo_build' returned '0': CMAKE_PREFIX_PATH=/opt/ros/humble /usr/bin/cmake --build /home/interstellar/launch_ws/build/robo_build -- -j4 -l4
[1.019s] Invoking command in '/home/interstellar/launch_ws/build/robo_build': CMAKE_PREFIX_PATH=/opt/ros/humble /usr/bin/cmake --install /home/interstellar/launch_ws/build/robo_build
[1.043s] -- Install configuration: ""
[1.043s] -- Up-to-date: /home/interstellar/launch_ws/install/robo_build/share/robo_build/launch
[1.044s] -- Up-to-date: /home/interstellar/launch_ws/install/robo_build/share/robo_build/launch/robo.launch.py
[1.044s] -- Up-to-date: /home/interstellar/launch_ws/install/robo_build/share/robo_build/urdf
[1.044s] -- Up-to-date: /home/interstellar/launch_ws/install/robo_build/share/robo_build/urdf/robo.urdf
[1.044s] -- Up-to-date: /home/interstellar/launch_ws/install/robo_build/share/robo_build/urdf/robo.urdf.xacro
[1.044s] -- Up-to-date: /home/interstellar/launch_ws/install/robo_build/share/robo_build/urdf/basic_robot.gv
[1.044s] -- Up-to-date: /home/interstellar/launch_ws/install/robo_build/share/robo_build/urdf/ins_bot
[1.045s] -- Up-to-date: /home/interstellar/launch_ws/install/robo_build/share/robo_build/urdf/ins_bot/ins_bot.urdf.xacro
[1.045s] -- Up-to-date: /home/interstellar/launch_ws/install/robo_build/share/robo_build/urdf/ins_bot/base.urdf.xacro
[1.045s] -- Up-to-date: /home/interstellar/launch_ws/install/robo_build/share/robo_build/urdf/ins_bot/actuator
[1.045s] -- Up-to-date: /home/interstellar/launch_ws/install/robo_build/share/robo_build/urdf/ins_bot/actuator/ins_bot.urdf.xacro
[1.045s] -- Up-to-date: /home/interstellar/launch_ws/install/robo_build/share/robo_build/urdf/ins_bot/actuator/wheel.urdf.xacro
[1.045s] -- Up-to-date: /home/interstellar/launch_ws/install/robo_build/share/robo_build/urdf/ins_bot/actuator/caster.urdf.xacro
[1.047s] -- Up-to-date: /home/interstellar/launch_ws/install/robo_build/share/robo_build/urdf/ins_bot/sensor
[1.047s] -- Installing: /home/interstellar/launch_ws/install/robo_build/share/robo_build/urdf/ins_bot/sensor/imu.urdf.xacro
[1.047s] -- Up-to-date: /home/interstellar/launch_ws/install/robo_build/share/robo_build/urdf/ins_bot/sensor/camera.urdf.xacro
[1.047s] -- Up-to-date: /home/interstellar/launch_ws/install/robo_build/share/robo_build/urdf/ins_bot/sensor/laser.urdf.xacro
[1.047s] -- Up-to-date: /home/interstellar/launch_ws/install/robo_build/share/robo_build/urdf/basic_robot.pdf
[1.047s] -- Up-to-date: /home/interstellar/launch_ws/install/robo_build/share/robo_build/config
[1.048s] -- Up-to-date: /home/interstellar/launch_ws/install/robo_build/share/robo_build/config/rviz
[1.048s] -- Up-to-date: /home/interstellar/launch_ws/install/robo_build/share/robo_build/config/rviz/display_model.rviz
[1.048s] -- Up-to-date: /home/interstellar/launch_ws/install/robo_build/share/ament_index/resource_index/package_run_dependencies/robo_build
[1.048s] -- Up-to-date: /home/interstellar/launch_ws/install/robo_build/share/ament_index/resource_index/parent_prefix_path/robo_build
[1.048s] -- Up-to-date: /home/interstellar/launch_ws/install/robo_build/share/robo_build/environment/ament_prefix_path.sh
[1.049s] -- Up-to-date: /home/interstellar/launch_ws/install/robo_build/share/robo_build/environment/ament_prefix_path.dsv
[1.049s] -- Up-to-date: /home/interstellar/launch_ws/install/robo_build/share/robo_build/environment/path.sh
[1.049s] -- Up-to-date: /home/interstellar/launch_ws/install/robo_build/share/robo_build/environment/path.dsv
[1.049s] -- Up-to-date: /home/interstellar/launch_ws/install/robo_build/share/robo_build/local_setup.bash
[1.049s] -- Up-to-date: /home/interstellar/launch_ws/install/robo_build/share/robo_build/local_setup.sh
[1.050s] -- Up-to-date: /home/interstellar/launch_ws/install/robo_build/share/robo_build/local_setup.zsh
[1.050s] -- Up-to-date: /home/interstellar/launch_ws/install/robo_build/share/robo_build/local_setup.dsv
[1.050s] -- Installing: /home/interstellar/launch_ws/install/robo_build/share/robo_build/package.dsv
[1.050s] -- Up-to-date: /home/interstellar/launch_ws/install/robo_build/share/ament_index/resource_index/packages/robo_build
[1.050s] -- Up-to-date: /home/interstellar/launch_ws/install/robo_build/share/robo_build/cmake/robo_buildConfig.cmake
[1.050s] -- Up-to-date: /home/interstellar/launch_ws/install/robo_build/share/robo_build/cmake/robo_buildConfig-version.cmake
[1.050s] -- Up-to-date: /home/interstellar/launch_ws/install/robo_build/share/robo_build/package.xml
[1.055s] Invoked command in '/home/interstellar/launch_ws/build/robo_build' returned '0': CMAKE_PREFIX_PATH=/opt/ros/humble /usr/bin/cmake --install /home/interstellar/launch_ws/build/robo_build
