[0.826s] Invoking command in '/home/interstellar/launch_ws/build/robo_build': CMAKE_PREFIX_PATH=/opt/ros/humble /usr/bin/cmake /home/interstellar/launch_ws/src/robo_build -DCMAKE_INSTALL_PREFIX=/home/interstellar/launch_ws/install/robo_build
[1.760s] -- The C compiler identification is GNU 11.4.0
[2.562s] -- The CXX compiler identification is GNU 11.4.0
[2.622s] -- Detecting C compiler ABI info
[2.911s] -- Detecting C compiler ABI info - done
[2.928s] -- Check for working C compiler: /usr/bin/cc - skipped
[2.931s] -- Detecting C compile features
[2.933s] -- Detecting C compile features - done
[2.946s] -- Detecting CXX compiler ABI info
[3.216s] -- Detecting CXX compiler ABI info - done
[3.235s] -- Check for working CXX compiler: /usr/bin/c++ - skipped
[3.236s] -- Detecting CXX compile features
[3.237s] -- Detecting CXX compile features - done
[3.293s] -- Found ament_cmake: 1.3.10 (/opt/ros/humble/share/ament_cmake/cmake)
[3.798s] -- Found Python3: /usr/bin/python3 (found version "3.10.12") found components: Interpreter 
[4.217s] -- Found ament_lint_auto: 0.12.11 (/opt/ros/humble/share/ament_lint_auto/cmake)
[4.531s] -- Added test 'flake8' to check Python code syntax and style conventions
[4.534s] -- Added test 'lint_cmake' to check CMake code style
[4.537s] -- Added test 'pep257' to check Python code against some of the docstring style conventions in PEP 257
[4.545s] -- Added test 'xmllint' to check XML markup files
[4.557s] -- Configuring done
[4.572s] -- Generating done
[4.581s] -- Build files have been written to: /home/interstellar/launch_ws/build/robo_build
[4.601s] Invoked command in '/home/interstellar/launch_ws/build/robo_build' returned '0': CMAKE_PREFIX_PATH=/opt/ros/humble /usr/bin/cmake /home/interstellar/launch_ws/src/robo_build -DCMAKE_INSTALL_PREFIX=/home/interstellar/launch_ws/install/robo_build
[4.602s] Invoking command in '/home/interstellar/launch_ws/build/robo_build': CMAKE_PREFIX_PATH=/opt/ros/humble /usr/bin/cmake --build /home/interstellar/launch_ws/build/robo_build -- -j4 -l4
[4.743s] Invoked command in '/home/interstellar/launch_ws/build/robo_build' returned '0': CMAKE_PREFIX_PATH=/opt/ros/humble /usr/bin/cmake --build /home/interstellar/launch_ws/build/robo_build -- -j4 -l4
[4.910s] Invoking command in '/home/interstellar/launch_ws/build/robo_build': CMAKE_PREFIX_PATH=/opt/ros/humble /usr/bin/cmake --install /home/interstellar/launch_ws/build/robo_build
[4.933s] -- Install configuration: ""
[4.933s] -- Installing: /home/interstellar/launch_ws/install/robo_build/share/robo_build/launch
[4.934s] -- Installing: /home/interstellar/launch_ws/install/robo_build/share/robo_build/launch/robo.launch.py
[4.934s] -- Installing: /home/interstellar/launch_ws/install/robo_build/share/robo_build/urdf
[4.934s] -- Installing: /home/interstellar/launch_ws/install/robo_build/share/robo_build/urdf/robo.urdf
[4.935s] -- Installing: /home/interstellar/launch_ws/install/robo_build/share/robo_build/urdf/basic_robot.gv
[4.935s] -- Installing: /home/interstellar/launch_ws/install/robo_build/share/robo_build/urdf/basic_robot.pdf
[4.939s] -- Installing: /home/interstellar/launch_ws/install/robo_build/share/ament_index/resource_index/package_run_dependencies/robo_build
[4.940s] -- Installing: /home/interstellar/launch_ws/install/robo_build/share/ament_index/resource_index/parent_prefix_path/robo_build
[4.941s] -- Installing: /home/interstellar/launch_ws/install/robo_build/share/robo_build/environment/ament_prefix_path.sh
[4.941s] -- Installing: /home/interstellar/launch_ws/install/robo_build/share/robo_build/environment/ament_prefix_path.dsv
[4.941s] -- Installing: /home/interstellar/launch_ws/install/robo_build/share/robo_build/environment/path.sh
[4.942s] -- Installing: /home/interstellar/launch_ws/install/robo_build/share/robo_build/environment/path.dsv
[4.942s] -- Installing: /home/interstellar/launch_ws/install/robo_build/share/robo_build/local_setup.bash
[4.943s] -- Installing: /home/interstellar/launch_ws/install/robo_build/share/robo_build/local_setup.sh
[4.943s] -- Installing: /home/interstellar/launch_ws/install/robo_build/share/robo_build/local_setup.zsh
[4.943s] -- Installing: /home/interstellar/launch_ws/install/robo_build/share/robo_build/local_setup.dsv
[4.944s] -- Installing: /home/interstellar/launch_ws/install/robo_build/share/robo_build/package.dsv
[4.944s] -- Installing: /home/interstellar/launch_ws/install/robo_build/share/ament_index/resource_index/packages/robo_build
[4.944s] -- Installing: /home/interstellar/launch_ws/install/robo_build/share/robo_build/cmake/robo_buildConfig.cmake
[4.946s] -- Installing: /home/interstellar/launch_ws/install/robo_build/share/robo_build/cmake/robo_buildConfig-version.cmake
[4.948s] -- Installing: /home/interstellar/launch_ws/install/robo_build/share/robo_build/package.xml
[4.955s] Invoked command in '/home/interstellar/launch_ws/build/robo_build' returned '0': CMAKE_PREFIX_PATH=/opt/ros/humble /usr/bin/cmake --install /home/interstellar/launch_ws/build/robo_build
