[1.462s] Invoking command in '/home/interstellar/launch_ws/src/py_launch_example': PYTHONPATH=/home/interstellar/launch_ws/build/py_launch_example/prefix_override:/usr/lib/python3/dist-packages/colcon_core/task/python/colcon_distutils_commands:/home/interstellar/launch_ws/install/py_launch_example/lib/python3.10/site-packages:${PYTHONPATH} /usr/bin/python3 -W ignore:setup.py install is deprecated setup.py egg_info --egg-base ../../build/py_launch_example build --build-base /home/interstellar/launch_ws/build/py_launch_example/build install --record /home/interstellar/launch_ws/build/py_launch_example/install.log --single-version-externally-managed install_data
[2.011s] running egg_info
[2.011s] creating ../../build/py_launch_example/py_launch_example.egg-info
[2.012s] writing ../../build/py_launch_example/py_launch_example.egg-info/PKG-INFO
[2.012s] writing dependency_links to ../../build/py_launch_example/py_launch_example.egg-info/dependency_links.txt
[2.013s] writing entry points to ../../build/py_launch_example/py_launch_example.egg-info/entry_points.txt
[2.013s] writing requirements to ../../build/py_launch_example/py_launch_example.egg-info/requires.txt
[2.013s] writing top-level names to ../../build/py_launch_example/py_launch_example.egg-info/top_level.txt
[2.013s] writing manifest file '../../build/py_launch_example/py_launch_example.egg-info/SOURCES.txt'
[2.017s] reading manifest file '../../build/py_launch_example/py_launch_example.egg-info/SOURCES.txt'
[2.019s] writing manifest file '../../build/py_launch_example/py_launch_example.egg-info/SOURCES.txt'
[2.020s] running build
[2.020s] running build_py
[2.020s] creating /home/interstellar/launch_ws/build/py_launch_example/build
[2.020s] creating /home/interstellar/launch_ws/build/py_launch_example/build/lib
[2.020s] creating /home/interstellar/launch_ws/build/py_launch_example/build/lib/py_launch_example
[2.020s] copying py_launch_example/__init__.py -> /home/interstellar/launch_ws/build/py_launch_example/build/lib/py_launch_example
[2.022s] copying py_launch_example/my_script_launch.py -> /home/interstellar/launch_ws/build/py_launch_example/build/lib/py_launch_example
[2.022s] running install
[2.023s] running install_lib
[2.023s] creating /home/interstellar/launch_ws/install/py_launch_example/lib/python3.10/site-packages/py_launch_example
[2.023s] copying /home/interstellar/launch_ws/build/py_launch_example/build/lib/py_launch_example/__init__.py -> /home/interstellar/launch_ws/install/py_launch_example/lib/python3.10/site-packages/py_launch_example
[2.023s] copying /home/interstellar/launch_ws/build/py_launch_example/build/lib/py_launch_example/my_script_launch.py -> /home/interstellar/launch_ws/install/py_launch_example/lib/python3.10/site-packages/py_launch_example
[2.025s] byte-compiling /home/interstellar/launch_ws/install/py_launch_example/lib/python3.10/site-packages/py_launch_example/__init__.py to __init__.cpython-310.pyc
[2.025s] byte-compiling /home/interstellar/launch_ws/install/py_launch_example/lib/python3.10/site-packages/py_launch_example/my_script_launch.py to my_script_launch.cpython-310.pyc
[2.026s] running install_data
[2.026s] creating /home/interstellar/launch_ws/install/py_launch_example/share/ament_index
[2.026s] creating /home/interstellar/launch_ws/install/py_launch_example/share/ament_index/resource_index
[2.026s] creating /home/interstellar/launch_ws/install/py_launch_example/share/ament_index/resource_index/packages
[2.028s] copying resource/py_launch_example -> /home/interstellar/launch_ws/install/py_launch_example/share/ament_index/resource_index/packages
[2.028s] copying package.xml -> /home/interstellar/launch_ws/install/py_launch_example/share/py_launch_example
[2.029s] creating /home/interstellar/launch_ws/install/py_launch_example/share/py_launch_example/launch
[2.029s] running install_egg_info
[2.034s] Copying ../../build/py_launch_example/py_launch_example.egg-info to /home/interstellar/launch_ws/install/py_launch_example/lib/python3.10/site-packages/py_launch_example-0.0.0-py3.10.egg-info
[2.037s] running install_scripts
[2.085s] writing list of installed files to '/home/interstellar/launch_ws/build/py_launch_example/install.log'
[2.124s] Invoked command in '/home/interstellar/launch_ws/src/py_launch_example' returned '0': PYTHONPATH=/home/interstellar/launch_ws/build/py_launch_example/prefix_override:/usr/lib/python3/dist-packages/colcon_core/task/python/colcon_distutils_commands:/home/interstellar/launch_ws/install/py_launch_example/lib/python3.10/site-packages:${PYTHONPATH} /usr/bin/python3 -W ignore:setup.py install is deprecated setup.py egg_info --egg-base ../../build/py_launch_example build --build-base /home/interstellar/launch_ws/build/py_launch_example/build install --record /home/interstellar/launch_ws/build/py_launch_example/install.log --single-version-externally-managed install_data
