[1.841s] Invoking command in '/home/interstellar/launch_ws/src/py_launch_example': PYTHONPATH=/home/interstellar/launch_ws/build/py_launch_example/prefix_override:/usr/lib/python3/dist-packages/colcon_core/task/python/colcon_distutils_commands:/home/interstellar/launch_ws/install/py_launch_example/lib/python3.10/site-packages:${PYTHONPATH} /usr/bin/python3 -W ignore:setup.py install is deprecated setup.py egg_info --egg-base ../../build/py_launch_example build --build-base /home/interstellar/launch_ws/build/py_launch_example/build install --record /home/interstellar/launch_ws/build/py_launch_example/install.log --single-version-externally-managed install_data
[2.468s] running egg_info
[2.469s] writing ../../build/py_launch_example/py_launch_example.egg-info/PKG-INFO
[2.471s] writing dependency_links to ../../build/py_launch_example/py_launch_example.egg-info/dependency_links.txt
[2.472s] writing entry points to ../../build/py_launch_example/py_launch_example.egg-info/entry_points.txt
[2.472s] writing requirements to ../../build/py_launch_example/py_launch_example.egg-info/requires.txt
[2.474s] writing top-level names to ../../build/py_launch_example/py_launch_example.egg-info/top_level.txt
[2.480s] reading manifest file '../../build/py_launch_example/py_launch_example.egg-info/SOURCES.txt'
[2.480s] writing manifest file '../../build/py_launch_example/py_launch_example.egg-info/SOURCES.txt'
[2.481s] running build
[2.481s] running build_py
[2.482s] running install
[2.482s] running install_lib
[2.485s] running install_data
[2.486s] running install_egg_info
[2.490s] removing '/home/interstellar/launch_ws/install/py_launch_example/lib/python3.10/site-packages/py_launch_example-0.0.0-py3.10.egg-info' (and everything under it)
[2.493s] Copying ../../build/py_launch_example/py_launch_example.egg-info to /home/interstellar/launch_ws/install/py_launch_example/lib/python3.10/site-packages/py_launch_example-0.0.0-py3.10.egg-info
[2.494s] running install_scripts
[2.549s] writing list of installed files to '/home/interstellar/launch_ws/build/py_launch_example/install.log'
[2.596s] Invoked command in '/home/interstellar/launch_ws/src/py_launch_example' returned '0': PYTHONPATH=/home/interstellar/launch_ws/build/py_launch_example/prefix_override:/usr/lib/python3/dist-packages/colcon_core/task/python/colcon_distutils_commands:/home/interstellar/launch_ws/install/py_launch_example/lib/python3.10/site-packages:${PYTHONPATH} /usr/bin/python3 -W ignore:setup.py install is deprecated setup.py egg_info --egg-base ../../build/py_launch_example build --build-base /home/interstellar/launch_ws/build/py_launch_example/build install --record /home/interstellar/launch_ws/build/py_launch_example/install.log --single-version-externally-managed install_data
