[2.310s] Invoking command in '/home/interstellar/launch_ws/src/py_launch_example': PYTHONPATH=/home/interstellar/launch_ws/build/py_launch_example/prefix_override:/usr/lib/python3/dist-packages/colcon_core/task/python/colcon_distutils_commands:/home/interstellar/launch_ws/install/py_launch_example/lib/python3.10/site-packages:${PYTHONPATH} /usr/bin/python3 -W ignore:setup.py install is deprecated setup.py egg_info --egg-base ../../build/py_launch_example build --build-base /home/interstellar/launch_ws/build/py_launch_example/build install --record /home/interstellar/launch_ws/build/py_launch_example/install.log --single-version-externally-managed install_data
[3.337s] running egg_info
[3.338s] writing ../../build/py_launch_example/py_launch_example.egg-info/PKG-INFO
[3.340s] writing dependency_links to ../../build/py_launch_example/py_launch_example.egg-info/dependency_links.txt
[3.341s] writing entry points to ../../build/py_launch_example/py_launch_example.egg-info/entry_points.txt
[3.342s] writing requirements to ../../build/py_launch_example/py_launch_example.egg-info/requires.txt
[3.342s] writing top-level names to ../../build/py_launch_example/py_launch_example.egg-info/top_level.txt
[3.350s] reading manifest file '../../build/py_launch_example/py_launch_example.egg-info/SOURCES.txt'
[3.353s] writing manifest file '../../build/py_launch_example/py_launch_example.egg-info/SOURCES.txt'
[3.353s] running build
[3.353s] running build_py
[3.354s] running install
[3.354s] running install_lib
[3.359s] running install_data
[3.359s] running install_egg_info
[3.368s] removing '/home/interstellar/launch_ws/install/py_launch_example/lib/python3.10/site-packages/py_launch_example-0.0.0-py3.10.egg-info' (and everything under it)
[3.369s] Copying ../../build/py_launch_example/py_launch_example.egg-info to /home/interstellar/launch_ws/install/py_launch_example/lib/python3.10/site-packages/py_launch_example-0.0.0-py3.10.egg-info
[3.372s] running install_scripts
[3.504s] writing list of installed files to '/home/interstellar/launch_ws/build/py_launch_example/install.log'
[3.554s] Invoked command in '/home/interstellar/launch_ws/src/py_launch_example' returned '0': PYTHONPATH=/home/interstellar/launch_ws/build/py_launch_example/prefix_override:/usr/lib/python3/dist-packages/colcon_core/task/python/colcon_distutils_commands:/home/interstellar/launch_ws/install/py_launch_example/lib/python3.10/site-packages:${PYTHONPATH} /usr/bin/python3 -W ignore:setup.py install is deprecated setup.py egg_info --egg-base ../../build/py_launch_example build --build-base /home/interstellar/launch_ws/build/py_launch_example/build install --record /home/interstellar/launch_ws/build/py_launch_example/install.log --single-version-externally-managed install_data
