[0.137s] DEBUG:colcon:Command line arguments: ['/usr/bin/colcon', 'build']
[0.137s] DEBUG:colcon:Parsed command line arguments: Namespace(log_base=None, log_level=None, verb_name='build', build_base='build', install_base='install', merge_install=False, symlink_install=False, test_result_base=None, continue_on_error=False, executor='parallel', parallel_workers=4, event_handlers=None, ignore_user_meta=False, metas=['./colcon.meta'], base_paths=['.'], packages_ignore=None, packages_ignore_regex=None, paths=None, packages_up_to=None, packages_up_to_regex=None, packages_above=None, packages_above_and_dependencies=None, packages_above_depth=None, packages_select_by_dep=None, packages_skip_by_dep=None, packages_skip_up_to=None, packages_select_build_failed=False, packages_skip_build_finished=False, packages_select_test_failures=False, packages_skip_test_passed=False, packages_select=None, packages_skip=None, packages_select_regex=None, packages_skip_regex=None, packages_start=None, packages_end=None, allow_overriding=[], cmake_args=None, cmake_target=None, cmake_target_skip_unavailable=False, cmake_clean_cache=False, cmake_clean_first=False, cmake_force_configure=False, ament_cmake_args=None, catkin_cmake_args=None, catkin_skip_building_tests=False, verb_parser=<colcon_defaults.argument_parser.defaults.DefaultArgumentsDecorator object at 0x7289eb138250>, verb_extension=<colcon_core.verb.build.BuildVerb object at 0x7289eb103160>, main=<bound method BuildVerb.main of <colcon_core.verb.build.BuildVerb object at 0x7289eb103160>>)
[0.335s] Level 1:colcon.colcon_core.package_discovery:discover_packages(colcon_meta) check parameters
[0.335s] Level 1:colcon.colcon_core.package_discovery:discover_packages(recursive) check parameters
[0.335s] Level 1:colcon.colcon_core.package_discovery:discover_packages(ignore) check parameters
[0.335s] Level 1:colcon.colcon_core.package_discovery:discover_packages(path) check parameters
[0.336s] Level 1:colcon.colcon_core.package_discovery:discover_packages(colcon_meta) discover
[0.336s] Level 1:colcon.colcon_core.package_discovery:discover_packages(recursive) discover
[0.336s] INFO:colcon.colcon_core.package_discovery:Crawling recursively for packages in '/home/interstellar/launch_ws'
[0.336s] Level 1:colcon.colcon_core.package_identification:_identify(.) by extensions ['ignore', 'ignore_ament_install']
[0.336s] Level 1:colcon.colcon_core.package_identification:_identify(.) by extension 'ignore'
[0.336s] Level 1:colcon.colcon_core.package_identification:_identify(.) by extension 'ignore_ament_install'
[0.336s] Level 1:colcon.colcon_core.package_identification:_identify(.) by extensions ['colcon_pkg']
[0.336s] Level 1:colcon.colcon_core.package_identification:_identify(.) by extension 'colcon_pkg'
[0.337s] Level 1:colcon.colcon_core.package_identification:_identify(.) by extensions ['colcon_meta']
[0.337s] Level 1:colcon.colcon_core.package_identification:_identify(.) by extension 'colcon_meta'
[0.337s] Level 1:colcon.colcon_core.package_identification:_identify(.) by extensions ['ros']
[0.337s] Level 1:colcon.colcon_core.package_identification:_identify(.) by extension 'ros'
[0.351s] Level 1:colcon.colcon_core.package_identification:_identify(.) by extensions ['cmake', 'python']
[0.351s] Level 1:colcon.colcon_core.package_identification:_identify(.) by extension 'cmake'
[0.352s] Level 1:colcon.colcon_core.package_identification:_identify(.) by extension 'python'
[0.352s] Level 1:colcon.colcon_core.package_identification:_identify(.) by extensions ['python_setup_py']
[0.352s] Level 1:colcon.colcon_core.package_identification:_identify(.) by extension 'python_setup_py'
[0.352s] Level 1:colcon.colcon_core.package_identification:_identify(build) by extensions ['ignore', 'ignore_ament_install']
[0.352s] Level 1:colcon.colcon_core.package_identification:_identify(build) by extension 'ignore'
[0.352s] Level 1:colcon.colcon_core.package_identification:_identify(build) ignored
[0.353s] Level 1:colcon.colcon_core.package_identification:_identify(install) by extensions ['ignore', 'ignore_ament_install']
[0.353s] Level 1:colcon.colcon_core.package_identification:_identify(install) by extension 'ignore'
[0.353s] Level 1:colcon.colcon_core.package_identification:_identify(install) ignored
[0.353s] Level 1:colcon.colcon_core.package_identification:_identify(log) by extensions ['ignore', 'ignore_ament_install']
[0.353s] Level 1:colcon.colcon_core.package_identification:_identify(log) by extension 'ignore'
[0.353s] Level 1:colcon.colcon_core.package_identification:_identify(log) ignored
[0.353s] Level 1:colcon.colcon_core.package_identification:_identify(src) by extensions ['ignore', 'ignore_ament_install']
[0.353s] Level 1:colcon.colcon_core.package_identification:_identify(src) by extension 'ignore'
[0.353s] Level 1:colcon.colcon_core.package_identification:_identify(src) by extension 'ignore_ament_install'
[0.353s] Level 1:colcon.colcon_core.package_identification:_identify(src) by extensions ['colcon_pkg']
[0.353s] Level 1:colcon.colcon_core.package_identification:_identify(src) by extension 'colcon_pkg'
[0.353s] Level 1:colcon.colcon_core.package_identification:_identify(src) by extensions ['colcon_meta']
[0.353s] Level 1:colcon.colcon_core.package_identification:_identify(src) by extension 'colcon_meta'
[0.353s] Level 1:colcon.colcon_core.package_identification:_identify(src) by extensions ['ros']
[0.353s] Level 1:colcon.colcon_core.package_identification:_identify(src) by extension 'ros'
[0.353s] Level 1:colcon.colcon_core.package_identification:_identify(src) by extensions ['cmake', 'python']
[0.353s] Level 1:colcon.colcon_core.package_identification:_identify(src) by extension 'cmake'
[0.353s] Level 1:colcon.colcon_core.package_identification:_identify(src) by extension 'python'
[0.354s] Level 1:colcon.colcon_core.package_identification:_identify(src) by extensions ['python_setup_py']
[0.354s] Level 1:colcon.colcon_core.package_identification:_identify(src) by extension 'python_setup_py'
[0.354s] Level 1:colcon.colcon_core.package_identification:_identify(src/py_launch_example) by extensions ['ignore', 'ignore_ament_install']
[0.354s] Level 1:colcon.colcon_core.package_identification:_identify(src/py_launch_example) by extension 'ignore'
[0.354s] Level 1:colcon.colcon_core.package_identification:_identify(src/py_launch_example) by extension 'ignore_ament_install'
[0.354s] Level 1:colcon.colcon_core.package_identification:_identify(src/py_launch_example) by extensions ['colcon_pkg']
[0.354s] Level 1:colcon.colcon_core.package_identification:_identify(src/py_launch_example) by extension 'colcon_pkg'
[0.354s] Level 1:colcon.colcon_core.package_identification:_identify(src/py_launch_example) by extensions ['colcon_meta']
[0.354s] Level 1:colcon.colcon_core.package_identification:_identify(src/py_launch_example) by extension 'colcon_meta'
[0.354s] Level 1:colcon.colcon_core.package_identification:_identify(src/py_launch_example) by extensions ['ros']
[0.354s] Level 1:colcon.colcon_core.package_identification:_identify(src/py_launch_example) by extension 'ros'
[0.357s] DEBUG:colcon.colcon_core.package_identification:Package 'src/py_launch_example' with type 'ros.ament_python' and name 'py_launch_example'
[0.359s] Level 1:colcon.colcon_core.package_identification:_identify(src/robo_build) by extensions ['ignore', 'ignore_ament_install']
[0.360s] Level 1:colcon.colcon_core.package_identification:_identify(src/robo_build) by extension 'ignore'
[0.360s] Level 1:colcon.colcon_core.package_identification:_identify(src/robo_build) by extension 'ignore_ament_install'
[0.360s] Level 1:colcon.colcon_core.package_identification:_identify(src/robo_build) by extensions ['colcon_pkg']
[0.360s] Level 1:colcon.colcon_core.package_identification:_identify(src/robo_build) by extension 'colcon_pkg'
[0.360s] Level 1:colcon.colcon_core.package_identification:_identify(src/robo_build) by extensions ['colcon_meta']
[0.360s] Level 1:colcon.colcon_core.package_identification:_identify(src/robo_build) by extension 'colcon_meta'
[0.360s] Level 1:colcon.colcon_core.package_identification:_identify(src/robo_build) by extensions ['ros']
[0.360s] Level 1:colcon.colcon_core.package_identification:_identify(src/robo_build) by extension 'ros'
[0.361s] DEBUG:colcon.colcon_core.package_identification:Package 'src/robo_build' with type 'ros.ament_cmake' and name 'robo_build'
[0.361s] Level 1:colcon.colcon_core.package_discovery:discover_packages(recursive) using defaults
[0.361s] Level 1:colcon.colcon_core.package_discovery:discover_packages(ignore) discover
[0.361s] Level 1:colcon.colcon_core.package_discovery:discover_packages(ignore) using defaults
[0.361s] Level 1:colcon.colcon_core.package_discovery:discover_packages(path) discover
[0.361s] Level 1:colcon.colcon_core.package_discovery:discover_packages(path) using defaults
[0.386s] Level 1:colcon.colcon_core.package_discovery:discover_packages(prefix_path) check parameters
[0.386s] Level 1:colcon.colcon_core.package_discovery:discover_packages(prefix_path) discover
[0.388s] DEBUG:colcon.colcon_installed_package_information.package_discovery:Found 273 installed packages in /opt/ros/humble
[0.396s] Level 1:colcon.colcon_core.package_discovery:discover_packages(prefix_path) using defaults
[0.423s] Level 5:colcon.colcon_core.verb:set package 'py_launch_example' build argument 'cmake_args' from command line to 'None'
[0.423s] Level 5:colcon.colcon_core.verb:set package 'py_launch_example' build argument 'cmake_target' from command line to 'None'
[0.423s] Level 5:colcon.colcon_core.verb:set package 'py_launch_example' build argument 'cmake_target_skip_unavailable' from command line to 'False'
[0.423s] Level 5:colcon.colcon_core.verb:set package 'py_launch_example' build argument 'cmake_clean_cache' from command line to 'False'
[0.423s] Level 5:colcon.colcon_core.verb:set package 'py_launch_example' build argument 'cmake_clean_first' from command line to 'False'
[0.423s] Level 5:colcon.colcon_core.verb:set package 'py_launch_example' build argument 'cmake_force_configure' from command line to 'False'
[0.423s] Level 5:colcon.colcon_core.verb:set package 'py_launch_example' build argument 'ament_cmake_args' from command line to 'None'
[0.423s] Level 5:colcon.colcon_core.verb:set package 'py_launch_example' build argument 'catkin_cmake_args' from command line to 'None'
[0.423s] Level 5:colcon.colcon_core.verb:set package 'py_launch_example' build argument 'catkin_skip_building_tests' from command line to 'False'
[0.423s] DEBUG:colcon.colcon_core.verb:Building package 'py_launch_example' with the following arguments: {'ament_cmake_args': None, 'build_base': '/home/interstellar/launch_ws/build/py_launch_example', 'catkin_cmake_args': None, 'catkin_skip_building_tests': False, 'cmake_args': None, 'cmake_clean_cache': False, 'cmake_clean_first': False, 'cmake_force_configure': False, 'cmake_target': None, 'cmake_target_skip_unavailable': False, 'install_base': '/home/interstellar/launch_ws/install/py_launch_example', 'merge_install': False, 'path': '/home/interstellar/launch_ws/src/py_launch_example', 'symlink_install': False, 'test_result_base': None}
[0.424s] Level 5:colcon.colcon_core.verb:set package 'robo_build' build argument 'cmake_args' from command line to 'None'
[0.424s] Level 5:colcon.colcon_core.verb:set package 'robo_build' build argument 'cmake_target' from command line to 'None'
[0.424s] Level 5:colcon.colcon_core.verb:set package 'robo_build' build argument 'cmake_target_skip_unavailable' from command line to 'False'
[0.424s] Level 5:colcon.colcon_core.verb:set package 'robo_build' build argument 'cmake_clean_cache' from command line to 'False'
[0.424s] Level 5:colcon.colcon_core.verb:set package 'robo_build' build argument 'cmake_clean_first' from command line to 'False'
[0.424s] Level 5:colcon.colcon_core.verb:set package 'robo_build' build argument 'cmake_force_configure' from command line to 'False'
[0.424s] Level 5:colcon.colcon_core.verb:set package 'robo_build' build argument 'ament_cmake_args' from command line to 'None'
[0.424s] Level 5:colcon.colcon_core.verb:set package 'robo_build' build argument 'catkin_cmake_args' from command line to 'None'
[0.424s] Level 5:colcon.colcon_core.verb:set package 'robo_build' build argument 'catkin_skip_building_tests' from command line to 'False'
[0.424s] DEBUG:colcon.colcon_core.verb:Building package 'robo_build' with the following arguments: {'ament_cmake_args': None, 'build_base': '/home/interstellar/launch_ws/build/robo_build', 'catkin_cmake_args': None, 'catkin_skip_building_tests': False, 'cmake_args': None, 'cmake_clean_cache': False, 'cmake_clean_first': False, 'cmake_force_configure': False, 'cmake_target': None, 'cmake_target_skip_unavailable': False, 'install_base': '/home/interstellar/launch_ws/install/robo_build', 'merge_install': False, 'path': '/home/interstellar/launch_ws/src/robo_build', 'symlink_install': False, 'test_result_base': None}
[0.424s] INFO:colcon.colcon_core.executor:Executing jobs using 'parallel' executor
[0.425s] DEBUG:colcon.colcon_parallel_executor.executor.parallel:run_until_complete
[0.425s] INFO:colcon.colcon_ros.task.ament_python.build:Building ROS package in '/home/interstellar/launch_ws/src/py_launch_example' with build type 'ament_python'
[0.425s] Level 1:colcon.colcon_core.shell:create_environment_hook('py_launch_example', 'ament_prefix_path')
[0.428s] INFO:colcon.colcon_core.plugin_system:Skipping extension 'colcon_core.shell.bat': Not used on non-Windows systems
[0.428s] INFO:colcon.colcon_core.shell:Creating environment hook '/home/interstellar/launch_ws/install/py_launch_example/share/py_launch_example/hook/ament_prefix_path.ps1'
[0.429s] INFO:colcon.colcon_core.shell:Creating environment descriptor '/home/interstellar/launch_ws/install/py_launch_example/share/py_launch_example/hook/ament_prefix_path.dsv'
[0.430s] INFO:colcon.colcon_core.shell:Creating environment hook '/home/interstellar/launch_ws/install/py_launch_example/share/py_launch_example/hook/ament_prefix_path.sh'
[0.432s] INFO:colcon.colcon_core.shell:Skip shell extension 'powershell' for command environment: Not usable outside of PowerShell
[0.432s] DEBUG:colcon.colcon_core.shell:Skip shell extension 'dsv' for command environment
[0.436s] INFO:colcon.colcon_ros.task.ament_cmake.build:Building ROS package in '/home/interstellar/launch_ws/src/robo_build' with build type 'ament_cmake'
[0.436s] INFO:colcon.colcon_cmake.task.cmake.build:Building CMake package in '/home/interstellar/launch_ws/src/robo_build'
[0.437s] INFO:colcon.colcon_core.shell:Skip shell extension 'powershell' for command environment: Not usable outside of PowerShell
[0.437s] DEBUG:colcon.colcon_core.shell:Skip shell extension 'dsv' for command environment
[0.667s] INFO:colcon.colcon_core.task.python.build:Building Python package in '/home/interstellar/launch_ws/src/py_launch_example'
[0.668s] INFO:colcon.colcon_core.shell:Skip shell extension 'powershell' for command environment: Not usable outside of PowerShell
[0.668s] DEBUG:colcon.colcon_core.shell:Skip shell extension 'dsv' for command environment
[0.681s] DEBUG:colcon.colcon_core.event_handler.log_command:Invoking command in '/home/interstellar/launch_ws/build/robo_build': CMAKE_PREFIX_PATH=/opt/ros/humble /usr/bin/cmake --build /home/interstellar/launch_ws/build/robo_build -- -j4 -l4
[0.756s] DEBUG:colcon.colcon_core.event_handler.log_command:Invoked command in '/home/interstellar/launch_ws/build/robo_build' returned '0': CMAKE_PREFIX_PATH=/opt/ros/humble /usr/bin/cmake --build /home/interstellar/launch_ws/build/robo_build -- -j4 -l4
[0.843s] DEBUG:colcon.colcon_core.event_handler.log_command:Invoking command in '/home/interstellar/launch_ws/build/robo_build': CMAKE_PREFIX_PATH=/opt/ros/humble /usr/bin/cmake --install /home/interstellar/launch_ws/build/robo_build
[0.868s] Level 1:colcon.colcon_core.environment:create_environment_scripts_only(robo_build)
[0.869s] DEBUG:colcon.colcon_core.event_handler.log_command:Invoked command in '/home/interstellar/launch_ws/build/robo_build' returned '0': CMAKE_PREFIX_PATH=/opt/ros/humble /usr/bin/cmake --install /home/interstellar/launch_ws/build/robo_build
[0.872s] Level 1:colcon.colcon_core.environment:checking '/home/interstellar/launch_ws/install/robo_build' for CMake module files
[0.873s] Level 1:colcon.colcon_core.environment:checking '/home/interstellar/launch_ws/install/robo_build' for CMake config files
[0.874s] Level 1:colcon.colcon_core.shell:create_environment_hook('robo_build', 'cmake_prefix_path')
[0.874s] INFO:colcon.colcon_core.shell:Creating environment hook '/home/interstellar/launch_ws/install/robo_build/share/robo_build/hook/cmake_prefix_path.ps1'
[0.875s] INFO:colcon.colcon_core.shell:Creating environment descriptor '/home/interstellar/launch_ws/install/robo_build/share/robo_build/hook/cmake_prefix_path.dsv'
[0.876s] INFO:colcon.colcon_core.shell:Creating environment hook '/home/interstellar/launch_ws/install/robo_build/share/robo_build/hook/cmake_prefix_path.sh'
[0.877s] Level 1:colcon.colcon_core.environment:checking '/home/interstellar/launch_ws/install/robo_build/bin'
[0.877s] Level 1:colcon.colcon_core.environment:checking '/home/interstellar/launch_ws/install/robo_build/lib/pkgconfig/robo_build.pc'
[0.877s] Level 1:colcon.colcon_core.environment:checking '/home/interstellar/launch_ws/install/robo_build/lib/python3.10/site-packages'
[0.878s] Level 1:colcon.colcon_core.environment:checking '/home/interstellar/launch_ws/install/robo_build/bin'
[0.878s] INFO:colcon.colcon_core.shell:Creating package script '/home/interstellar/launch_ws/install/robo_build/share/robo_build/package.ps1'
[0.879s] INFO:colcon.colcon_core.shell:Creating package descriptor '/home/interstellar/launch_ws/install/robo_build/share/robo_build/package.dsv'
[0.880s] INFO:colcon.colcon_core.shell:Creating package script '/home/interstellar/launch_ws/install/robo_build/share/robo_build/package.sh'
[0.881s] INFO:colcon.colcon_core.shell:Creating package script '/home/interstellar/launch_ws/install/robo_build/share/robo_build/package.bash'
[0.882s] INFO:colcon.colcon_core.shell:Creating package script '/home/interstellar/launch_ws/install/robo_build/share/robo_build/package.zsh'
[0.883s] Level 1:colcon.colcon_core.environment:create_file_with_runtime_dependencies(/home/interstellar/launch_ws/install/robo_build/share/colcon-core/packages/robo_build)
[0.956s] Level 1:colcon.colcon_core.environment:create_environment_scripts_only(robo_build)
[0.956s] Level 1:colcon.colcon_core.environment:checking '/home/interstellar/launch_ws/install/robo_build' for CMake module files
[0.957s] Level 1:colcon.colcon_core.environment:checking '/home/interstellar/launch_ws/install/robo_build' for CMake config files
[0.958s] Level 1:colcon.colcon_core.shell:create_environment_hook('robo_build', 'cmake_prefix_path')
[0.959s] INFO:colcon.colcon_core.shell:Creating environment hook '/home/interstellar/launch_ws/install/robo_build/share/robo_build/hook/cmake_prefix_path.ps1'
[0.960s] INFO:colcon.colcon_core.shell:Creating environment descriptor '/home/interstellar/launch_ws/install/robo_build/share/robo_build/hook/cmake_prefix_path.dsv'
[0.961s] INFO:colcon.colcon_core.shell:Creating environment hook '/home/interstellar/launch_ws/install/robo_build/share/robo_build/hook/cmake_prefix_path.sh'
[0.962s] Level 1:colcon.colcon_core.environment:checking '/home/interstellar/launch_ws/install/robo_build/bin'
[0.962s] Level 1:colcon.colcon_core.environment:checking '/home/interstellar/launch_ws/install/robo_build/lib/pkgconfig/robo_build.pc'
[0.963s] Level 1:colcon.colcon_core.environment:checking '/home/interstellar/launch_ws/install/robo_build/lib/python3.10/site-packages'
[0.963s] Level 1:colcon.colcon_core.environment:checking '/home/interstellar/launch_ws/install/robo_build/bin'
[0.964s] INFO:colcon.colcon_core.shell:Creating package script '/home/interstellar/launch_ws/install/robo_build/share/robo_build/package.ps1'
[0.964s] INFO:colcon.colcon_core.shell:Creating package descriptor '/home/interstellar/launch_ws/install/robo_build/share/robo_build/package.dsv'
[0.965s] INFO:colcon.colcon_core.shell:Creating package script '/home/interstellar/launch_ws/install/robo_build/share/robo_build/package.sh'
[0.966s] INFO:colcon.colcon_core.shell:Creating package script '/home/interstellar/launch_ws/install/robo_build/share/robo_build/package.bash'
[0.967s] INFO:colcon.colcon_core.shell:Creating package script '/home/interstellar/launch_ws/install/robo_build/share/robo_build/package.zsh'
[0.967s] Level 1:colcon.colcon_core.environment:create_file_with_runtime_dependencies(/home/interstellar/launch_ws/install/robo_build/share/colcon-core/packages/robo_build)
[1.118s] DEBUG:colcon.colcon_core.event_handler.log_command:Invoking command in '/home/interstellar/launch_ws/src/py_launch_example': PYTHONPATH=/home/interstellar/launch_ws/build/py_launch_example/prefix_override:/usr/lib/python3/dist-packages/colcon_core/task/python/colcon_distutils_commands:/home/interstellar/launch_ws/install/py_launch_example/lib/python3.10/site-packages:${PYTHONPATH} /usr/bin/python3 -W ignore:setup.py install is deprecated setup.py egg_info --egg-base ../../build/py_launch_example build --build-base /home/interstellar/launch_ws/build/py_launch_example/build install --record /home/interstellar/launch_ws/build/py_launch_example/install.log --single-version-externally-managed install_data
[1.417s] Level 1:colcon.colcon_core.environment:checking '/home/interstellar/launch_ws/install/py_launch_example' for CMake module files
[1.417s] Level 1:colcon.colcon_core.environment:checking '/home/interstellar/launch_ws/install/py_launch_example' for CMake config files
[1.418s] Level 1:colcon.colcon_core.environment:checking '/home/interstellar/launch_ws/install/py_launch_example/lib'
[1.419s] Level 1:colcon.colcon_core.environment:checking '/home/interstellar/launch_ws/install/py_launch_example/bin'
[1.419s] Level 1:colcon.colcon_core.environment:checking '/home/interstellar/launch_ws/install/py_launch_example/lib/pkgconfig/py_launch_example.pc'
[1.419s] DEBUG:colcon.colcon_core.event_handler.log_command:Invoked command in '/home/interstellar/launch_ws/src/py_launch_example' returned '0': PYTHONPATH=/home/interstellar/launch_ws/build/py_launch_example/prefix_override:/usr/lib/python3/dist-packages/colcon_core/task/python/colcon_distutils_commands:/home/interstellar/launch_ws/install/py_launch_example/lib/python3.10/site-packages:${PYTHONPATH} /usr/bin/python3 -W ignore:setup.py install is deprecated setup.py egg_info --egg-base ../../build/py_launch_example build --build-base /home/interstellar/launch_ws/build/py_launch_example/build install --record /home/interstellar/launch_ws/build/py_launch_example/install.log --single-version-externally-managed install_data
[1.420s] Level 1:colcon.colcon_core.environment:checking '/home/interstellar/launch_ws/install/py_launch_example/lib/python3.10/site-packages'
[1.420s] Level 1:colcon.colcon_core.shell:create_environment_hook('py_launch_example', 'pythonpath')
[1.420s] INFO:colcon.colcon_core.shell:Creating environment hook '/home/interstellar/launch_ws/install/py_launch_example/share/py_launch_example/hook/pythonpath.ps1'
[1.421s] INFO:colcon.colcon_core.shell:Creating environment descriptor '/home/interstellar/launch_ws/install/py_launch_example/share/py_launch_example/hook/pythonpath.dsv'
[1.422s] INFO:colcon.colcon_core.shell:Creating environment hook '/home/interstellar/launch_ws/install/py_launch_example/share/py_launch_example/hook/pythonpath.sh'
[1.423s] Level 1:colcon.colcon_core.environment:checking '/home/interstellar/launch_ws/install/py_launch_example/bin'
[1.423s] Level 1:colcon.colcon_core.environment:create_environment_scripts_only(py_launch_example)
[1.423s] INFO:colcon.colcon_core.shell:Creating package script '/home/interstellar/launch_ws/install/py_launch_example/share/py_launch_example/package.ps1'
[1.424s] INFO:colcon.colcon_core.shell:Creating package descriptor '/home/interstellar/launch_ws/install/py_launch_example/share/py_launch_example/package.dsv'
[1.424s] INFO:colcon.colcon_core.shell:Creating package script '/home/interstellar/launch_ws/install/py_launch_example/share/py_launch_example/package.sh'
[1.425s] INFO:colcon.colcon_core.shell:Creating package script '/home/interstellar/launch_ws/install/py_launch_example/share/py_launch_example/package.bash'
[1.425s] INFO:colcon.colcon_core.shell:Creating package script '/home/interstellar/launch_ws/install/py_launch_example/share/py_launch_example/package.zsh'
[1.426s] Level 1:colcon.colcon_core.environment:create_file_with_runtime_dependencies(/home/interstellar/launch_ws/install/py_launch_example/share/colcon-core/packages/py_launch_example)
[1.426s] DEBUG:colcon.colcon_parallel_executor.executor.parallel:closing loop
[1.426s] DEBUG:colcon.colcon_parallel_executor.executor.parallel:loop closed
[1.426s] DEBUG:colcon.colcon_parallel_executor.executor.parallel:run_until_complete finished with '0'
[1.426s] DEBUG:colcon.colcon_core.event_reactor:joining thread
[1.433s] INFO:colcon.colcon_core.plugin_system:Skipping extension 'colcon_notification.desktop_notification.terminal_notifier': Not used on non-Darwin systems
[1.434s] INFO:colcon.colcon_core.plugin_system:Skipping extension 'colcon_notification.desktop_notification.win32': Not used on non-Windows systems
[1.434s] INFO:colcon.colcon_notification.desktop_notification:Sending desktop notification using 'notify2'
[1.456s] DEBUG:colcon.colcon_core.event_reactor:joined thread
[1.456s] INFO:colcon.colcon_core.shell:Creating prefix script '/home/interstellar/launch_ws/install/local_setup.ps1'
[1.458s] INFO:colcon.colcon_core.shell:Creating prefix util module '/home/interstellar/launch_ws/install/_local_setup_util_ps1.py'
[1.459s] INFO:colcon.colcon_core.shell:Creating prefix chain script '/home/interstellar/launch_ws/install/setup.ps1'
[1.461s] INFO:colcon.colcon_core.shell:Creating prefix script '/home/interstellar/launch_ws/install/local_setup.sh'
[1.462s] INFO:colcon.colcon_core.shell:Creating prefix util module '/home/interstellar/launch_ws/install/_local_setup_util_sh.py'
[1.463s] INFO:colcon.colcon_core.shell:Creating prefix chain script '/home/interstellar/launch_ws/install/setup.sh'
[1.464s] INFO:colcon.colcon_core.shell:Creating prefix script '/home/interstellar/launch_ws/install/local_setup.bash'
[1.465s] INFO:colcon.colcon_core.shell:Creating prefix chain script '/home/interstellar/launch_ws/install/setup.bash'
[1.466s] INFO:colcon.colcon_core.shell:Creating prefix script '/home/interstellar/launch_ws/install/local_setup.zsh'
[1.466s] INFO:colcon.colcon_core.shell:Creating prefix chain script '/home/interstellar/launch_ws/install/setup.zsh'
