[0.264s] DEBUG:colcon:Command line arguments: ['/usr/bin/colcon', 'build']
[0.264s] DEBUG:colcon:Parsed command line arguments: Namespace(log_base=None, log_level=None, verb_name='build', build_base='build', install_base='install', merge_install=False, symlink_install=False, test_result_base=None, continue_on_error=False, executor='parallel', parallel_workers=4, event_handlers=None, ignore_user_meta=False, metas=['./colcon.meta'], base_paths=['.'], packages_ignore=None, packages_ignore_regex=None, paths=None, packages_up_to=None, packages_up_to_regex=None, packages_above=None, packages_above_and_dependencies=None, packages_above_depth=None, packages_select_by_dep=None, packages_skip_by_dep=None, packages_skip_up_to=None, packages_select_build_failed=False, packages_skip_build_finished=False, packages_select_test_failures=False, packages_skip_test_passed=False, packages_select=None, packages_skip=None, packages_select_regex=None, packages_skip_regex=None, packages_start=None, packages_end=None, allow_overriding=[], cmake_args=None, cmake_target=None, cmake_target_skip_unavailable=False, cmake_clean_cache=False, cmake_clean_first=False, cmake_force_configure=False, ament_cmake_args=None, catkin_cmake_args=None, catkin_skip_building_tests=False, verb_parser=<colcon_defaults.argument_parser.defaults.DefaultArgumentsDecorator object at 0x76711a53c130>, verb_extension=<colcon_core.verb.build.BuildVerb object at 0x76711a503040>, main=<bound method BuildVerb.main of <colcon_core.verb.build.BuildVerb object at 0x76711a503040>>)
[0.679s] Level 1:colcon.colcon_core.package_discovery:discover_packages(colcon_meta) check parameters
[0.680s] Level 1:colcon.colcon_core.package_discovery:discover_packages(recursive) check parameters
[0.680s] Level 1:colcon.colcon_core.package_discovery:discover_packages(ignore) check parameters
[0.680s] Level 1:colcon.colcon_core.package_discovery:discover_packages(path) check parameters
[0.680s] Level 1:colcon.colcon_core.package_discovery:discover_packages(colcon_meta) discover
[0.680s] Level 1:colcon.colcon_core.package_discovery:discover_packages(recursive) discover
[0.680s] INFO:colcon.colcon_core.package_discovery:Crawling recursively for packages in '/home/interstellar/launch_ws'
[0.680s] Level 1:colcon.colcon_core.package_identification:_identify(.) by extensions ['ignore', 'ignore_ament_install']
[0.680s] Level 1:colcon.colcon_core.package_identification:_identify(.) by extension 'ignore'
[0.681s] Level 1:colcon.colcon_core.package_identification:_identify(.) by extension 'ignore_ament_install'
[0.681s] Level 1:colcon.colcon_core.package_identification:_identify(.) by extensions ['colcon_pkg']
[0.681s] Level 1:colcon.colcon_core.package_identification:_identify(.) by extension 'colcon_pkg'
[0.682s] Level 1:colcon.colcon_core.package_identification:_identify(.) by extensions ['colcon_meta']
[0.682s] Level 1:colcon.colcon_core.package_identification:_identify(.) by extension 'colcon_meta'
[0.682s] Level 1:colcon.colcon_core.package_identification:_identify(.) by extensions ['ros']
[0.682s] Level 1:colcon.colcon_core.package_identification:_identify(.) by extension 'ros'
[0.714s] Level 1:colcon.colcon_core.package_identification:_identify(.) by extensions ['cmake', 'python']
[0.714s] Level 1:colcon.colcon_core.package_identification:_identify(.) by extension 'cmake'
[0.714s] Level 1:colcon.colcon_core.package_identification:_identify(.) by extension 'python'
[0.714s] Level 1:colcon.colcon_core.package_identification:_identify(.) by extensions ['python_setup_py']
[0.714s] Level 1:colcon.colcon_core.package_identification:_identify(.) by extension 'python_setup_py'
[0.715s] Level 1:colcon.colcon_core.package_identification:_identify(build) by extensions ['ignore', 'ignore_ament_install']
[0.715s] Level 1:colcon.colcon_core.package_identification:_identify(build) by extension 'ignore'
[0.715s] Level 1:colcon.colcon_core.package_identification:_identify(build) ignored
[0.715s] Level 1:colcon.colcon_core.package_identification:_identify(install) by extensions ['ignore', 'ignore_ament_install']
[0.715s] Level 1:colcon.colcon_core.package_identification:_identify(install) by extension 'ignore'
[0.716s] Level 1:colcon.colcon_core.package_identification:_identify(install) ignored
[0.716s] Level 1:colcon.colcon_core.package_identification:_identify(log) by extensions ['ignore', 'ignore_ament_install']
[0.717s] Level 1:colcon.colcon_core.package_identification:_identify(log) by extension 'ignore'
[0.717s] Level 1:colcon.colcon_core.package_identification:_identify(log) ignored
[0.717s] Level 1:colcon.colcon_core.package_identification:_identify(src) by extensions ['ignore', 'ignore_ament_install']
[0.717s] Level 1:colcon.colcon_core.package_identification:_identify(src) by extension 'ignore'
[0.717s] Level 1:colcon.colcon_core.package_identification:_identify(src) by extension 'ignore_ament_install'
[0.717s] Level 1:colcon.colcon_core.package_identification:_identify(src) by extensions ['colcon_pkg']
[0.717s] Level 1:colcon.colcon_core.package_identification:_identify(src) by extension 'colcon_pkg'
[0.718s] Level 1:colcon.colcon_core.package_identification:_identify(src) by extensions ['colcon_meta']
[0.718s] Level 1:colcon.colcon_core.package_identification:_identify(src) by extension 'colcon_meta'
[0.718s] Level 1:colcon.colcon_core.package_identification:_identify(src) by extensions ['ros']
[0.718s] Level 1:colcon.colcon_core.package_identification:_identify(src) by extension 'ros'
[0.718s] Level 1:colcon.colcon_core.package_identification:_identify(src) by extensions ['cmake', 'python']
[0.718s] Level 1:colcon.colcon_core.package_identification:_identify(src) by extension 'cmake'
[0.718s] Level 1:colcon.colcon_core.package_identification:_identify(src) by extension 'python'
[0.718s] Level 1:colcon.colcon_core.package_identification:_identify(src) by extensions ['python_setup_py']
[0.718s] Level 1:colcon.colcon_core.package_identification:_identify(src) by extension 'python_setup_py'
[0.719s] Level 1:colcon.colcon_core.package_identification:_identify(src/build) by extensions ['ignore', 'ignore_ament_install']
[0.719s] Level 1:colcon.colcon_core.package_identification:_identify(src/build) by extension 'ignore'
[0.719s] Level 1:colcon.colcon_core.package_identification:_identify(src/build) ignored
[0.719s] Level 1:colcon.colcon_core.package_identification:_identify(src/install) by extensions ['ignore', 'ignore_ament_install']
[0.719s] Level 1:colcon.colcon_core.package_identification:_identify(src/install) by extension 'ignore'
[0.719s] Level 1:colcon.colcon_core.package_identification:_identify(src/install) ignored
[0.720s] Level 1:colcon.colcon_core.package_identification:_identify(src/log) by extensions ['ignore', 'ignore_ament_install']
[0.720s] Level 1:colcon.colcon_core.package_identification:_identify(src/log) by extension 'ignore'
[0.720s] Level 1:colcon.colcon_core.package_identification:_identify(src/log) ignored
[0.720s] Level 1:colcon.colcon_core.package_identification:_identify(src/py_launch_example) by extensions ['ignore', 'ignore_ament_install']
[0.720s] Level 1:colcon.colcon_core.package_identification:_identify(src/py_launch_example) by extension 'ignore'
[0.720s] Level 1:colcon.colcon_core.package_identification:_identify(src/py_launch_example) by extension 'ignore_ament_install'
[0.720s] Level 1:colcon.colcon_core.package_identification:_identify(src/py_launch_example) by extensions ['colcon_pkg']
[0.720s] Level 1:colcon.colcon_core.package_identification:_identify(src/py_launch_example) by extension 'colcon_pkg'
[0.720s] Level 1:colcon.colcon_core.package_identification:_identify(src/py_launch_example) by extensions ['colcon_meta']
[0.721s] Level 1:colcon.colcon_core.package_identification:_identify(src/py_launch_example) by extension 'colcon_meta'
[0.721s] Level 1:colcon.colcon_core.package_identification:_identify(src/py_launch_example) by extensions ['ros']
[0.721s] Level 1:colcon.colcon_core.package_identification:_identify(src/py_launch_example) by extension 'ros'
[0.727s] DEBUG:colcon.colcon_core.package_identification:Package 'src/py_launch_example' with type 'ros.ament_python' and name 'py_launch_example'
[0.727s] Level 1:colcon.colcon_core.package_discovery:discover_packages(recursive) using defaults
[0.727s] Level 1:colcon.colcon_core.package_discovery:discover_packages(ignore) discover
[0.727s] Level 1:colcon.colcon_core.package_discovery:discover_packages(ignore) using defaults
[0.727s] Level 1:colcon.colcon_core.package_discovery:discover_packages(path) discover
[0.727s] Level 1:colcon.colcon_core.package_discovery:discover_packages(path) using defaults
[0.777s] Level 1:colcon.colcon_core.package_discovery:discover_packages(prefix_path) check parameters
[0.777s] Level 1:colcon.colcon_core.package_discovery:discover_packages(prefix_path) discover
[0.784s] DEBUG:colcon.colcon_installed_package_information.package_discovery:Found 271 installed packages in /opt/ros/humble
[0.808s] Level 1:colcon.colcon_core.package_discovery:discover_packages(prefix_path) using defaults
[0.905s] Level 5:colcon.colcon_core.verb:set package 'py_launch_example' build argument 'cmake_args' from command line to 'None'
[0.905s] Level 5:colcon.colcon_core.verb:set package 'py_launch_example' build argument 'cmake_target' from command line to 'None'
[0.906s] Level 5:colcon.colcon_core.verb:set package 'py_launch_example' build argument 'cmake_target_skip_unavailable' from command line to 'False'
[0.906s] Level 5:colcon.colcon_core.verb:set package 'py_launch_example' build argument 'cmake_clean_cache' from command line to 'False'
[0.906s] Level 5:colcon.colcon_core.verb:set package 'py_launch_example' build argument 'cmake_clean_first' from command line to 'False'
[0.906s] Level 5:colcon.colcon_core.verb:set package 'py_launch_example' build argument 'cmake_force_configure' from command line to 'False'
[0.906s] Level 5:colcon.colcon_core.verb:set package 'py_launch_example' build argument 'ament_cmake_args' from command line to 'None'
[0.906s] Level 5:colcon.colcon_core.verb:set package 'py_launch_example' build argument 'catkin_cmake_args' from command line to 'None'
[0.906s] Level 5:colcon.colcon_core.verb:set package 'py_launch_example' build argument 'catkin_skip_building_tests' from command line to 'False'
[0.906s] DEBUG:colcon.colcon_core.verb:Building package 'py_launch_example' with the following arguments: {'ament_cmake_args': None, 'build_base': '/home/interstellar/launch_ws/build/py_launch_example', 'catkin_cmake_args': None, 'catkin_skip_building_tests': False, 'cmake_args': None, 'cmake_clean_cache': False, 'cmake_clean_first': False, 'cmake_force_configure': False, 'cmake_target': None, 'cmake_target_skip_unavailable': False, 'install_base': '/home/interstellar/launch_ws/install/py_launch_example', 'merge_install': False, 'path': '/home/interstellar/launch_ws/src/py_launch_example', 'symlink_install': False, 'test_result_base': None}
[0.906s] INFO:colcon.colcon_core.executor:Executing jobs using 'parallel' executor
[0.909s] DEBUG:colcon.colcon_parallel_executor.executor.parallel:run_until_complete
[0.910s] INFO:colcon.colcon_ros.task.ament_python.build:Building ROS package in '/home/interstellar/launch_ws/src/py_launch_example' with build type 'ament_python'
[0.910s] Level 1:colcon.colcon_core.shell:create_environment_hook('py_launch_example', 'ament_prefix_path')
[0.915s] INFO:colcon.colcon_core.plugin_system:Skipping extension 'colcon_core.shell.bat': Not used on non-Windows systems
[0.916s] INFO:colcon.colcon_core.shell:Creating environment hook '/home/interstellar/launch_ws/install/py_launch_example/share/py_launch_example/hook/ament_prefix_path.ps1'
[0.917s] INFO:colcon.colcon_core.shell:Creating environment descriptor '/home/interstellar/launch_ws/install/py_launch_example/share/py_launch_example/hook/ament_prefix_path.dsv'
[0.918s] INFO:colcon.colcon_core.shell:Creating environment hook '/home/interstellar/launch_ws/install/py_launch_example/share/py_launch_example/hook/ament_prefix_path.sh'
[0.920s] INFO:colcon.colcon_core.shell:Skip shell extension 'powershell' for command environment: Not usable outside of PowerShell
[0.920s] DEBUG:colcon.colcon_core.shell:Skip shell extension 'dsv' for command environment
[1.543s] INFO:colcon.colcon_core.task.python.build:Building Python package in '/home/interstellar/launch_ws/src/py_launch_example'
[1.544s] INFO:colcon.colcon_core.shell:Skip shell extension 'powershell' for command environment: Not usable outside of PowerShell
[1.544s] DEBUG:colcon.colcon_core.shell:Skip shell extension 'dsv' for command environment
[2.374s] DEBUG:colcon.colcon_core.event_handler.log_command:Invoking command in '/home/interstellar/launch_ws/src/py_launch_example': PYTHONPATH=/home/interstellar/launch_ws/build/py_launch_example/prefix_override:/usr/lib/python3/dist-packages/colcon_core/task/python/colcon_distutils_commands:/home/interstellar/launch_ws/install/py_launch_example/lib/python3.10/site-packages:${PYTHONPATH} /usr/bin/python3 -W ignore:setup.py install is deprecated setup.py egg_info --egg-base ../../build/py_launch_example build --build-base /home/interstellar/launch_ws/build/py_launch_example/build install --record /home/interstellar/launch_ws/build/py_launch_example/install.log --single-version-externally-managed install_data
[3.036s] DEBUG:colcon.colcon_core.event_handler.log_command:Invoked command in '/home/interstellar/launch_ws/src/py_launch_example' returned '0': PYTHONPATH=/home/interstellar/launch_ws/build/py_launch_example/prefix_override:/usr/lib/python3/dist-packages/colcon_core/task/python/colcon_distutils_commands:/home/interstellar/launch_ws/install/py_launch_example/lib/python3.10/site-packages:${PYTHONPATH} /usr/bin/python3 -W ignore:setup.py install is deprecated setup.py egg_info --egg-base ../../build/py_launch_example build --build-base /home/interstellar/launch_ws/build/py_launch_example/build install --record /home/interstellar/launch_ws/build/py_launch_example/install.log --single-version-externally-managed install_data
[3.041s] Level 1:colcon.colcon_core.environment:checking '/home/interstellar/launch_ws/install/py_launch_example' for CMake module files
[3.043s] Level 1:colcon.colcon_core.environment:checking '/home/interstellar/launch_ws/install/py_launch_example' for CMake config files
[3.045s] Level 1:colcon.colcon_core.environment:checking '/home/interstellar/launch_ws/install/py_launch_example/lib'
[3.045s] Level 1:colcon.colcon_core.environment:checking '/home/interstellar/launch_ws/install/py_launch_example/bin'
[3.045s] Level 1:colcon.colcon_core.environment:checking '/home/interstellar/launch_ws/install/py_launch_example/lib/pkgconfig/py_launch_example.pc'
[3.046s] Level 1:colcon.colcon_core.environment:checking '/home/interstellar/launch_ws/install/py_launch_example/lib/python3.10/site-packages'
[3.046s] Level 1:colcon.colcon_core.shell:create_environment_hook('py_launch_example', 'pythonpath')
[3.047s] INFO:colcon.colcon_core.shell:Creating environment hook '/home/interstellar/launch_ws/install/py_launch_example/share/py_launch_example/hook/pythonpath.ps1'
[3.048s] INFO:colcon.colcon_core.shell:Creating environment descriptor '/home/interstellar/launch_ws/install/py_launch_example/share/py_launch_example/hook/pythonpath.dsv'
[3.048s] INFO:colcon.colcon_core.shell:Creating environment hook '/home/interstellar/launch_ws/install/py_launch_example/share/py_launch_example/hook/pythonpath.sh'
[3.049s] Level 1:colcon.colcon_core.environment:checking '/home/interstellar/launch_ws/install/py_launch_example/bin'
[3.049s] Level 1:colcon.colcon_core.environment:create_environment_scripts_only(py_launch_example)
[3.050s] INFO:colcon.colcon_core.shell:Creating package script '/home/interstellar/launch_ws/install/py_launch_example/share/py_launch_example/package.ps1'
[3.051s] INFO:colcon.colcon_core.shell:Creating package descriptor '/home/interstellar/launch_ws/install/py_launch_example/share/py_launch_example/package.dsv'
[3.052s] INFO:colcon.colcon_core.shell:Creating package script '/home/interstellar/launch_ws/install/py_launch_example/share/py_launch_example/package.sh'
[3.054s] INFO:colcon.colcon_core.shell:Creating package script '/home/interstellar/launch_ws/install/py_launch_example/share/py_launch_example/package.bash'
[3.056s] INFO:colcon.colcon_core.shell:Creating package script '/home/interstellar/launch_ws/install/py_launch_example/share/py_launch_example/package.zsh'
[3.058s] Level 1:colcon.colcon_core.environment:create_file_with_runtime_dependencies(/home/interstellar/launch_ws/install/py_launch_example/share/colcon-core/packages/py_launch_example)
[3.059s] DEBUG:colcon.colcon_parallel_executor.executor.parallel:closing loop
[3.060s] DEBUG:colcon.colcon_parallel_executor.executor.parallel:loop closed
[3.060s] DEBUG:colcon.colcon_parallel_executor.executor.parallel:run_until_complete finished with '0'
[3.061s] DEBUG:colcon.colcon_core.event_reactor:joining thread
[3.079s] INFO:colcon.colcon_core.plugin_system:Skipping extension 'colcon_notification.desktop_notification.terminal_notifier': Not used on non-Darwin systems
[3.079s] INFO:colcon.colcon_core.plugin_system:Skipping extension 'colcon_notification.desktop_notification.win32': Not used on non-Windows systems
[3.079s] INFO:colcon.colcon_notification.desktop_notification:Sending desktop notification using 'notify2'
[3.118s] DEBUG:colcon.colcon_core.event_reactor:joined thread
[3.119s] INFO:colcon.colcon_core.shell:Creating prefix script '/home/interstellar/launch_ws/install/local_setup.ps1'
[3.122s] INFO:colcon.colcon_core.shell:Creating prefix util module '/home/interstellar/launch_ws/install/_local_setup_util_ps1.py'
[3.126s] INFO:colcon.colcon_core.shell:Creating prefix chain script '/home/interstellar/launch_ws/install/setup.ps1'
[3.129s] INFO:colcon.colcon_core.shell:Creating prefix script '/home/interstellar/launch_ws/install/local_setup.sh'
[3.130s] INFO:colcon.colcon_core.shell:Creating prefix util module '/home/interstellar/launch_ws/install/_local_setup_util_sh.py'
[3.132s] INFO:colcon.colcon_core.shell:Creating prefix chain script '/home/interstellar/launch_ws/install/setup.sh'
[3.134s] INFO:colcon.colcon_core.shell:Creating prefix script '/home/interstellar/launch_ws/install/local_setup.bash'
[3.135s] INFO:colcon.colcon_core.shell:Creating prefix chain script '/home/interstellar/launch_ws/install/setup.bash'
[3.137s] INFO:colcon.colcon_core.shell:Creating prefix script '/home/interstellar/launch_ws/install/local_setup.zsh'
[3.138s] INFO:colcon.colcon_core.shell:Creating prefix chain script '/home/interstellar/launch_ws/install/setup.zsh'
