[2.289s] Invoking command in '/home/interstellar/launch_ws/src/py_launch_example': PYTHONPATH=/home/interstellar/launch_ws/build/py_launch_example/prefix_override:/usr/lib/python3/dist-packages/colcon_core/task/python/colcon_distutils_commands:/home/interstellar/launch_ws/install/py_launch_example/lib/python3.10/site-packages:${PYTHONPATH} /usr/bin/python3 -W ignore:setup.py install is deprecated setup.py egg_info --egg-base ../../build/py_launch_example build --build-base /home/interstellar/launch_ws/build/py_launch_example/build install --record /home/interstellar/launch_ws/build/py_launch_example/install.log --single-version-externally-managed install_data
[2.903s] running egg_info
[2.905s] writing ../../build/py_launch_example/py_launch_example.egg-info/PKG-INFO
[2.905s] writing dependency_links to ../../build/py_launch_example/py_launch_example.egg-info/dependency_links.txt
[2.906s] writing entry points to ../../build/py_launch_example/py_launch_example.egg-info/entry_points.txt
[2.906s] writing requirements to ../../build/py_launch_example/py_launch_example.egg-info/requires.txt
[2.907s] writing top-level names to ../../build/py_launch_example/py_launch_example.egg-info/top_level.txt
[2.912s] reading manifest file '../../build/py_launch_example/py_launch_example.egg-info/SOURCES.txt'
[2.915s] writing manifest file '../../build/py_launch_example/py_launch_example.egg-info/SOURCES.txt'
[2.916s] running build
[2.917s] running build_py
[2.917s] running install
[2.917s] running install_lib
[2.920s] running install_data
[2.921s] running install_egg_info
[2.925s] removing '/home/interstellar/launch_ws/install/py_launch_example/lib/python3.10/site-packages/py_launch_example-0.0.0-py3.10.egg-info' (and everything under it)
[2.931s] Copying ../../build/py_launch_example/py_launch_example.egg-info to /home/interstellar/launch_ws/install/py_launch_example/lib/python3.10/site-packages/py_launch_example-0.0.0-py3.10.egg-info
[2.935s] running install_scripts
[2.992s] writing list of installed files to '/home/interstellar/launch_ws/build/py_launch_example/install.log'
[3.037s] Invoked command in '/home/interstellar/launch_ws/src/py_launch_example' returned '0': PYTHONPATH=/home/interstellar/launch_ws/build/py_launch_example/prefix_override:/usr/lib/python3/dist-packages/colcon_core/task/python/colcon_distutils_commands:/home/interstellar/launch_ws/install/py_launch_example/lib/python3.10/site-packages:${PYTHONPATH} /usr/bin/python3 -W ignore:setup.py install is deprecated setup.py egg_info --egg-base ../../build/py_launch_example build --build-base /home/interstellar/launch_ws/build/py_launch_example/build install --record /home/interstellar/launch_ws/build/py_launch_example/install.log --single-version-externally-managed install_data
