-- Install configuration: ""
-- Up-to-date: /home/interstellar/launch_ws/install/robo_build/share/robo_build/launch
-- Up-to-date: /home/interstellar/launch_ws/install/robo_build/share/robo_build/launch/robo.launch.py
-- Up-to-date: /home/interstellar/launch_ws/install/robo_build/share/robo_build/urdf
-- Up-to-date: /home/interstellar/launch_ws/install/robo_build/share/robo_build/urdf/robo.urdf
-- Up-to-date: /home/interstellar/launch_ws/install/robo_build/share/robo_build/urdf/robo.urdf.xacro
-- Up-to-date: /home/interstellar/launch_ws/install/robo_build/share/robo_build/urdf/basic_robot.gv
-- Up-to-date: /home/interstellar/launch_ws/install/robo_build/share/robo_build/urdf/ins_bot
-- Up-to-date: /home/interstellar/launch_ws/install/robo_build/share/robo_build/urdf/ins_bot/ins_bot.urdf.xacro
-- Installing: /home/interstellar/launch_ws/install/robo_build/share/robo_build/urdf/ins_bot/base.urdf.xacro
-- Up-to-date: /home/interstellar/launch_ws/install/robo_build/share/robo_build/urdf/ins_bot/actuator
-- Up-to-date: /home/interstellar/launch_ws/install/robo_build/share/robo_build/urdf/ins_bot/actuator/ins_bot.urdf.xacro
-- Up-to-date: /home/interstellar/launch_ws/install/robo_build/share/robo_build/urdf/ins_bot/actuator/wheel.urdf.xacro
-- Up-to-date: /home/interstellar/launch_ws/install/robo_build/share/robo_build/urdf/ins_bot/actuator/caster.urdf.xacro
-- Up-to-date: /home/interstellar/launch_ws/install/robo_build/share/robo_build/urdf/ins_bot/sensor
-- Up-to-date: /home/interstellar/launch_ws/install/robo_build/share/robo_build/urdf/ins_bot/sensor/imu.urdf.xacro
-- Up-to-date: /home/interstellar/launch_ws/install/robo_build/share/robo_build/urdf/ins_bot/sensor/camera.urdf.xacro
-- Up-to-date: /home/interstellar/launch_ws/install/robo_build/share/robo_build/urdf/ins_bot/sensor/laser.urdf.xacro
-- Up-to-date: /home/interstellar/launch_ws/install/robo_build/share/robo_build/urdf/basic_robot.pdf
-- Up-to-date: /home/interstellar/launch_ws/install/robo_build/share/robo_build/config
-- Up-to-date: /home/interstellar/launch_ws/install/robo_build/share/robo_build/config/rviz
-- Up-to-date: /home/interstellar/launch_ws/install/robo_build/share/robo_build/config/rviz/display_model.rviz
-- Up-to-date: /home/interstellar/launch_ws/install/robo_build/share/ament_index/resource_index/package_run_dependencies/robo_build
-- Up-to-date: /home/interstellar/launch_ws/install/robo_build/share/ament_index/resource_index/parent_prefix_path/robo_build
-- Up-to-date: /home/interstellar/launch_ws/install/robo_build/share/robo_build/environment/ament_prefix_path.sh
-- Up-to-date: /home/interstellar/launch_ws/install/robo_build/share/robo_build/environment/ament_prefix_path.dsv
-- Up-to-date: /home/interstellar/launch_ws/install/robo_build/share/robo_build/environment/path.sh
-- Up-to-date: /home/interstellar/launch_ws/install/robo_build/share/robo_build/environment/path.dsv
-- Up-to-date: /home/interstellar/launch_ws/install/robo_build/share/robo_build/local_setup.bash
-- Up-to-date: /home/interstellar/launch_ws/install/robo_build/share/robo_build/local_setup.sh
-- Up-to-date: /home/interstellar/launch_ws/install/robo_build/share/robo_build/local_setup.zsh
-- Up-to-date: /home/interstellar/launch_ws/install/robo_build/share/robo_build/local_setup.dsv
-- Installing: /home/interstellar/launch_ws/install/robo_build/share/robo_build/package.dsv
-- Up-to-date: /home/interstellar/launch_ws/install/robo_build/share/ament_index/resource_index/packages/robo_build
-- Up-to-date: /home/interstellar/launch_ws/install/robo_build/share/robo_build/cmake/robo_buildConfig.cmake
-- Up-to-date: /home/interstellar/launch_ws/install/robo_build/share/robo_build/cmake/robo_buildConfig-version.cmake
-- Up-to-date: /home/interstellar/launch_ws/install/robo_build/share/robo_build/package.xml
