[0.720s] Invoking command in '/home/interstellar/launch_ws/build/robo_build': CMAKE_PREFIX_PATH=/opt/ros/humble /usr/bin/cmake --build /home/interstellar/launch_ws/build/robo_build -- -j4 -l4
[1.069s] -- Found ament_cmake: 1.3.10 (/opt/ros/humble/share/ament_cmake/cmake)
[1.582s] -- Found ament_lint_auto: 0.12.11 (/opt/ros/humble/share/ament_lint_auto/cmake)
[1.834s] -- Added test 'flake8' to check Python code syntax and style conventions
[1.836s] -- Added test 'lint_cmake' to check CMake code style
[1.839s] -- Added test 'pep257' to check Python code against some of the docstring style conventions in PEP 257
[1.844s] -- Added test 'xmllint' to check XML markup files
[1.851s] -- Configuring done
[1.881s] -- Generating done
[1.882s] -- Build files have been written to: /home/interstellar/launch_ws/build/robo_build
[1.950s] Invoked command in '/home/interstellar/launch_ws/build/robo_build' returned '0': CMAKE_PREFIX_PATH=/opt/ros/humble /usr/bin/cmake --build /home/interstellar/launch_ws/build/robo_build -- -j4 -l4
[2.091s] Invoking command in '/home/interstellar/launch_ws/build/robo_build': CMAKE_PREFIX_PATH=/opt/ros/humble /usr/bin/cmake --install /home/interstellar/launch_ws/build/robo_build
[2.113s] -- Install configuration: ""
[2.113s] -- Up-to-date: /home/interstellar/launch_ws/install/robo_build/share/robo_build/launch
[2.114s] -- Installing: /home/interstellar/launch_ws/install/robo_build/share/robo_build/launch/robo.launch.py
[2.115s] -- Up-to-date: /home/interstellar/launch_ws/install/robo_build/share/robo_build/urdf
[2.115s] -- Up-to-date: /home/interstellar/launch_ws/install/robo_build/share/robo_build/urdf/robo.urdf
[2.115s] -- Installing: /home/interstellar/launch_ws/install/robo_build/share/robo_build/urdf/robo.urdf.xacro
[2.115s] -- Up-to-date: /home/interstellar/launch_ws/install/robo_build/share/robo_build/urdf/basic_robot.gv
[2.116s] -- Up-to-date: /home/interstellar/launch_ws/install/robo_build/share/robo_build/urdf/basic_robot.pdf
[2.116s] [31mCMake Error at cmake_install.cmake:46 (file):
[2.116s]   file INSTALL cannot find
[2.116s]   "/home/interstellar/launch_ws/src/robo_build/config": No such file or
[2.116s]   directory.
[2.117s] 
[2.117s] [0m
[2.120s] Invoked command in '/home/interstellar/launch_ws/build/robo_build' returned '1': CMAKE_PREFIX_PATH=/opt/ros/humble /usr/bin/cmake --install /home/interstellar/launch_ws/build/robo_build
